2020-07-13T16:00:26.127Z - info: Building C:\repos\nus-cs2103-AY2021S1\cs2103-website\admin\gradeBreakdown as some of its dependencies were changed since the last visit
2020-07-13T16:00:26.236Z - error:  Template render error: (unknown path) [Line 30, Column 7]
  expected variable end
    at Object._prettifyError (C:\repos\markbind\markbind\node_modules\nunjucks\src\lib.js:36:11)
    at Template.render (C:\repos\markbind\markbind\node_modules\nunjucks\src\environment.js:536:21)
    at Environment.renderString (C:\repos\markbind\markbind\node_modules\nunjucks\src\environment.js:378:17)
    at Object.renderRaw (C:\repos\markbind\markbind\packages\core\src\utils\nunjuckUtils.js:8:25)
    at VariablePreprocessor.renderSiteVariables (C:\repos\markbind\markbind\packages\core\src\preprocessors\VariablePreprocessor.js:132:19)
    at VariablePreprocessor.renderPage (C:\repos\markbind\markbind\packages\core\src\preprocessors\VariablePreprocessor.js:406:17)
    at C:\repos\markbind\markbind\packages\core\src\Parser.js:199:57
    at Promise._execute (C:\repos\markbind\markbind\node_modules\bluebird\js\release\debuggability.js:384:9)
    at Promise._resolveFromExecutor (C:\repos\markbind\markbind\node_modules\bluebird\js\release\promise.js:518:18)
    at new Promise (C:\repos\markbind\markbind\node_modules\bluebird\js\release\promise.js:103:10)
    at Parser.includeFile (C:\repos\markbind\markbind\packages\core\src\Parser.js:178:12)
    at C:\repos\markbind\markbind\src\Page.js:966:34
    at tryCatcher (C:\repos\markbind\markbind\node_modules\bluebird\js\release\util.js:16:23)
    at Promise._settlePromiseFromHandler (C:\repos\markbind\markbind\node_modules\bluebird\js\release\promise.js:547:31)
    at Promise._settlePromise (C:\repos\markbind\markbind\node_modules\bluebird\js\release\promise.js:604:18)
    at Promise._settlePromise0 (C:\repos\markbind\markbind\node_modules\bluebird\js\release\promise.js:649:10)
2020-07-13T16:01:23.166Z - info: [12:01:23 AM] Reload for file change: C:\repos\nus-cs2103-AY2021S1\cs2103-website\admin\gradeBreakdown.md
2020-07-13T16:01:24.178Z - info: Rebuilding 1 pages
2020-07-13T16:01:25.943Z - info: Pages rebuilt
2020-07-13T16:01:25.943Z - info: Website regeneration complete! Total build time: 1.768s
2020-07-13T16:01:25.951Z - info: Site data built
2020-07-13T16:01:26.932Z - debug:  
2020-07-13T16:02:24.991Z - info: [12:02:24 AM] Reload for file change: C:\repos\nus-cs2103-AY2021S1\cs2103-website\admin\gradeBreakdown.md
2020-07-13T16:02:26.003Z - info: Rebuilding 1 pages
2020-07-13T16:02:27.317Z - info: Pages rebuilt
2020-07-13T16:02:27.318Z - info: Website regeneration complete! Total build time: 1.325s
2020-07-13T16:02:27.372Z - info: Site data built
2020-07-13T16:02:28.608Z - debug:  
2020-07-13T16:03:14.589Z - info: [12:03:14 AM] Reload for file change: C:\repos\nus-cs2103-AY2021S1\cs2103-website\admin\gradeBreakdown.md
2020-07-13T16:03:15.609Z - info: No pages needed to be rebuilt
2020-07-13T16:03:29.447Z - info: Building C:\repos\nus-cs2103-AY2021S1\cs2103-website\admin\gradeBreakdown as some of its dependencies were changed since the last visit
2020-07-13T16:03:30.882Z - info: Site data built
2020-07-13T16:03:30.883Z - info: Lazy website regeneration complete! Total build time: 1.436s
2020-07-13T16:03:32.062Z - debug:  
2020-07-13T16:07:25.338Z - info: Building C:\repos\nus-cs2103-AY2021S1\cs2103-website\admin\appendixA-principles as some of its dependencies were changed since the last visit
2020-07-13T16:07:25.678Z - info: Site data built
2020-07-13T16:07:25.678Z - info: Lazy website regeneration complete! Total build time: 0.341s
2020-07-13T16:07:38.782Z - info: Building C:\repos\nus-cs2103-AY2021S1\cs2103-website\admin\appendixB-policies as some of its dependencies were changed since the last visit
2020-07-13T16:07:39.835Z - info: Site data built
2020-07-13T16:07:39.835Z - info: Lazy website regeneration complete! Total build time: 1.053s
2020-07-13T16:07:50.965Z - info: Building C:\repos\nus-cs2103-AY2021S1\cs2103-website\admin\appendixC-faq as some of its dependencies were changed since the last visit
2020-07-13T16:07:51.270Z - info: Site data built
2020-07-13T16:07:51.270Z - info: Lazy website regeneration complete! Total build time: 0.306s
2020-07-13T16:08:26.101Z - info: Building C:\repos\nus-cs2103-AY2021S1\cs2103-website\admin\appendixD-help as some of its dependencies were changed since the last visit
2020-07-13T16:08:26.331Z - info: Site data built
2020-07-13T16:08:26.332Z - info: Lazy website regeneration complete! Total build time: 0.231s
2020-07-13T16:09:38.177Z - info: Building C:\repos\nus-cs2103-AY2021S1\cs2103-website\admin\appendixE-gitHub as some of its dependencies were changed since the last visit
2020-07-13T16:09:38.920Z - info: Site data built
2020-07-13T16:09:38.920Z - info: Lazy website regeneration complete! Total build time: 0.744s
2020-07-13T16:10:56.673Z - info: Building C:\repos\nus-cs2103-AY2021S1\cs2103-website\admin\appendixF-teamworkIssues as some of its dependencies were changed since the last visit
2020-07-13T16:10:57.194Z - info: Site data built
2020-07-13T16:10:57.194Z - info: Lazy website regeneration complete! Total build time: 0.521s
2020-07-13T16:12:05.621Z - info: Building C:\repos\nus-cs2103-AY2021S1\cs2103-website\admin\moduleOverview as some of its dependencies were changed since the last visit
2020-07-13T16:12:06.142Z - info: Site data built
2020-07-13T16:12:06.144Z - info: Lazy website regeneration complete! Total build time: 0.523s
2020-07-13T16:12:23.852Z - info: Website generation (lazy) started at 12:12:20 AM
2020-07-13T16:12:41.574Z - info: Building assets...
2020-07-13T16:12:52.224Z - info: Assets built
2020-07-13T16:12:52.225Z - info: Generating landing page...
2020-07-13T16:12:52.968Z - info: Landing page built, other pages will be built as you navigate to them!
2020-07-13T16:12:53.075Z - info: Website generation (lazy) complete! Total build time: 32.113s
2020-07-13T16:12:53.929Z - info: Serving "C:\repos\nus-cs2103-AY2021S1\cs2103-website\_site" at http://127.0.0.1:8080
2020-07-13T16:12:53.929Z - info: Press CTRL+C to stop ...
2020-07-13T16:12:53.981Z - info: Site data built
2020-07-13T16:15:44.790Z - info: Building C:\repos\nus-cs2103-AY2021S1\cs2103-website\admin\moduleOverview as some of its dependencies were changed since the last visit
2020-07-13T16:15:45.638Z - info: Site data built
2020-07-13T16:15:45.639Z - info: Lazy website regeneration complete! Total build time: 0.86s
2020-07-13T16:15:52.677Z - info: Building C:\repos\nus-cs2103-AY2021S1\cs2103-website\admin\moduleExpectations as some of its dependencies were changed since the last visit
2020-07-13T16:15:53.165Z - info: Site data built
2020-07-13T16:15:53.166Z - info: Lazy website regeneration complete! Total build time: 0.49s
2020-07-13T16:16:42.542Z - info: [12:16:42 AM] Reload for file change: C:\repos\nus-cs2103-AY2021S1\cs2103-website\admin\gradeBreakdown.md
2020-07-13T16:16:42.559Z - info: [12:16:42 AM] Reload for file change: C:\repos\nus-cs2103-AY2021S1\cs2103-website\admin\moduleExpectations.md
2020-07-13T16:16:43.558Z - info: Rebuilding 1 pages
2020-07-13T16:16:43.940Z - info: Pages rebuilt
2020-07-13T16:16:43.941Z - info: Website regeneration complete! Total build time: 0.388s
2020-07-13T16:16:43.944Z - info: Site data built
2020-07-13T16:18:04.498Z - info: [12:18:04 AM] Reload for file change: C:\repos\nus-cs2103-AY2021S1\cs2103-website\admin\moduleExpectations.md
2020-07-13T16:18:05.518Z - info: Rebuilding 1 pages
2020-07-13T16:18:05.811Z - info: Pages rebuilt
2020-07-13T16:18:05.811Z - info: Website regeneration complete! Total build time: 0.302s
2020-07-13T16:18:05.817Z - info: Site data built
2020-07-13T16:18:30.195Z - info: [12:18:30 AM] Reload for file change: C:\repos\nus-cs2103-AY2021S1\cs2103-website\admin\moduleExpectations.md
2020-07-13T16:18:31.215Z - info: Rebuilding 1 pages
2020-07-13T16:18:31.661Z - info: Pages rebuilt
2020-07-13T16:18:31.661Z - info: Website regeneration complete! Total build time: 0.463s
2020-07-13T16:18:31.691Z - info: Site data built
2020-07-13T16:18:42.919Z - info: Building C:\repos\nus-cs2103-AY2021S1\cs2103-website\admin\weeklySchedule as some of its dependencies were changed since the last visit
2020-07-13T16:18:43.446Z - info: Site data built
2020-07-13T16:18:43.446Z - info: Lazy website regeneration complete! Total build time: 0.528s
2020-07-13T16:19:10.951Z - info: Building C:\repos\nus-cs2103-AY2021S1\cs2103-website\admin\lectures as some of its dependencies were changed since the last visit
2020-07-13T16:19:11.249Z - info: Site data built
2020-07-13T16:19:11.249Z - info: Lazy website regeneration complete! Total build time: 0.299s
2020-07-13T16:20:11.844Z - info: Building C:\repos\nus-cs2103-AY2021S1\cs2103-website\admin\instructors as some of its dependencies were changed since the last visit
2020-07-13T16:20:12.113Z - info: Site data built
2020-07-13T16:20:12.113Z - info: Lazy website regeneration complete! Total build time: 0.269s
2020-07-13T16:22:35.467Z - info: [12:22:35 AM] Reload for file change: C:\repos\nus-cs2103-AY2021S1\cs2103-website\admin\instructors.md
2020-07-13T16:22:36.473Z - info: Rebuilding 1 pages
2020-07-13T16:22:36.745Z - info: Pages rebuilt
2020-07-13T16:22:36.745Z - info: Website regeneration complete! Total build time: 0.277s
2020-07-13T16:22:36.749Z - info: Site data built
2020-07-13T16:24:25.420Z - info: Building C:\repos\nus-cs2103-AY2021S1\cs2103-website\admin\textbooks as some of its dependencies were changed since the last visit
2020-07-13T16:24:25.671Z - info: Site data built
2020-07-13T16:24:25.672Z - info: Lazy website regeneration complete! Total build time: 0.253s
2020-07-13T16:24:37.354Z - info: Building C:\repos\nus-cs2103-AY2021S1\cs2103-website\admin\programmingLanguages as some of its dependencies were changed since the last visit
2020-07-13T16:24:37.782Z - info: Site data built
2020-07-13T16:24:37.783Z - info: Lazy website regeneration complete! Total build time: 0.428s
2020-07-13T16:24:45.425Z - info: Building C:\repos\nus-cs2103-AY2021S1\cs2103-website\admin\standardsAndConventions as some of its dependencies were changed since the last visit
2020-07-13T16:24:45.725Z - info: Site data built
2020-07-13T16:24:45.725Z - info: Lazy website regeneration complete! Total build time: 0.3s
2020-07-13T16:24:53.071Z - info: Building C:\repos\nus-cs2103-AY2021S1\cs2103-website\admin\ip-overview as some of its dependencies were changed since the last visit
2020-07-13T16:24:53.403Z - info: Site data built
2020-07-13T16:24:53.404Z - info: Lazy website regeneration complete! Total build time: 0.333s
2020-07-13T16:25:25.858Z - info: Building C:\repos\nus-cs2103-AY2021S1\cs2103-website\admin\ip-w2 as some of its dependencies were changed since the last visit
2020-07-13T16:25:26.796Z - info: Site data built
2020-07-13T16:25:26.797Z - info: Lazy website regeneration complete! Total build time: 0.938s
2020-07-13T16:25:33.144Z - info: Building C:\repos\nus-cs2103-AY2021S1\cs2103-website\admin\ip-grading as some of its dependencies were changed since the last visit
2020-07-13T16:25:33.338Z - info: Site data built
2020-07-13T16:25:33.339Z - info: Lazy website regeneration complete! Total build time: 0.197s
2020-07-13T16:25:52.071Z - info: Building C:\repos\nus-cs2103-AY2021S1\cs2103-website\admin\tp-expectations as some of its dependencies were changed since the last visit
2020-07-13T16:25:52.792Z - info: Site data built
2020-07-13T16:25:52.794Z - info: Lazy website regeneration complete! Total build time: 0.724s
2020-07-13T16:27:11.577Z - info: Building C:\repos\nus-cs2103-AY2021S1\cs2103-website\admin\tp-timeline as some of its dependencies were changed since the last visit
2020-07-13T16:27:12.303Z - info: Site data built
2020-07-13T16:27:12.304Z - info: Lazy website regeneration complete! Total build time: 0.728s
2020-07-13T16:27:15.014Z - debug:  
2020-07-13T16:27:15.015Z - debug:  
2020-07-13T16:29:39.583Z - info: [12:29:39 AM] Reload for file change: C:\repos\nus-cs2103-AY2021S1\cs2103-website\admin\tp-timeline.md
2020-07-13T16:29:40.599Z - info: Rebuilding 1 pages
2020-07-13T16:29:41.333Z - info: Pages rebuilt
2020-07-13T16:29:41.334Z - info: Website regeneration complete! Total build time: 0.742s
2020-07-13T16:29:41.348Z - info: Site data built
2020-07-13T16:29:43.802Z - debug:  
2020-07-13T16:29:43.802Z - debug:  
2020-07-13T16:30:40.896Z - info: [12:30:40 AM] Reload for file change: C:\repos\nus-cs2103-AY2021S1\cs2103-website\admin\tp-timeline.md
2020-07-13T16:30:41.904Z - info: Rebuilding 1 pages
2020-07-13T16:30:42.256Z - info: Pages rebuilt
2020-07-13T16:30:42.257Z - info: Website regeneration complete! Total build time: 0.357s
2020-07-13T16:30:42.298Z - info: Site data built
2020-07-13T16:30:44.966Z - debug:  
2020-07-13T16:30:44.994Z - debug:  
2020-07-13T16:30:53.915Z - info: [12:30:53 AM] Reload for file change: C:\repos\nus-cs2103-AY2021S1\cs2103-website\admin\tp-timeline.md
2020-07-13T16:30:54.921Z - info: Rebuilding 1 pages
2020-07-13T16:30:55.268Z - info: Pages rebuilt
2020-07-13T16:30:55.269Z - info: Website regeneration complete! Total build time: 0.353s
2020-07-13T16:30:55.332Z - info: Site data built
2020-07-13T16:30:58.019Z - debug:  
2020-07-13T16:30:58.058Z - debug:  
2020-07-13T16:31:22.772Z - info: Building C:\repos\nus-cs2103-AY2021S1\cs2103-website\admin\tp-constraints as some of its dependencies were changed since the last visit
2020-07-13T16:31:23.143Z - info: Site data built
2020-07-13T16:31:23.144Z - info: Lazy website regeneration complete! Total build time: 0.372s
2020-07-13T16:31:28.511Z - info: Building C:\repos\nus-cs2103-AY2021S1\cs2103-website\admin\tp-teams as some of its dependencies were changed since the last visit
2020-07-13T16:31:28.732Z - info: Site data built
2020-07-13T16:31:28.732Z - info: Lazy website regeneration complete! Total build time: 0.221s
2020-07-13T16:32:49.119Z - info: [12:32:49 AM] Reload for file change: C:\repos\nus-cs2103-AY2021S1\cs2103-website\admin\tp-teams.md
2020-07-13T16:32:50.131Z - info: Rebuilding 1 pages
2020-07-13T16:32:50.341Z - info: Pages rebuilt
2020-07-13T16:32:50.343Z - info: Website regeneration complete! Total build time: 0.217s
2020-07-13T16:32:50.356Z - info: Site data built
2020-07-13T16:33:14.376Z - info: [12:33:14 AM] Reload for file change: C:\repos\nus-cs2103-AY2021S1\cs2103-website\admin\tp-teams.md
2020-07-13T16:33:15.383Z - info: Rebuilding 1 pages
2020-07-13T16:33:15.770Z - info: Pages rebuilt
2020-07-13T16:33:15.771Z - info: Website regeneration complete! Total build time: 0.392s
2020-07-13T16:33:15.810Z - info: Site data built
2020-07-13T16:33:48.600Z - info: [12:33:48 AM] Reload for file change: C:\repos\nus-cs2103-AY2021S1\cs2103-website\admin\tp-teams.md
2020-07-13T16:33:49.618Z - info: Rebuilding 1 pages
2020-07-13T16:33:49.879Z - info: Pages rebuilt
2020-07-13T16:33:49.879Z - info: Website regeneration complete! Total build time: 0.267s
2020-07-13T16:33:49.882Z - info: Site data built
2020-07-13T16:34:07.985Z - info: [12:34:07 AM] Reload for file change: C:\repos\nus-cs2103-AY2021S1\cs2103-website\admin\tp-teams.md
2020-07-13T16:34:08.990Z - info: Rebuilding 1 pages
2020-07-13T16:34:09.231Z - info: Pages rebuilt
2020-07-13T16:34:09.231Z - info: Website regeneration complete! Total build time: 0.242s
2020-07-13T16:34:09.236Z - info: Site data built
2020-07-13T16:35:03.323Z - info: Building C:\repos\nus-cs2103-AY2021S1\cs2103-website\admin\tp-w3 as some of its dependencies were changed since the last visit
2020-07-13T16:35:04.019Z - info: Site data built
2020-07-13T16:35:04.019Z - info: Lazy website regeneration complete! Total build time: 0.696s
2020-07-13T16:35:33.646Z - info: [12:35:33 AM] Reload for file change: C:\repos\nus-cs2103-AY2021S1\cs2103-website\_module-TIC4001\weeklyTpTasks.mbdf
2020-07-13T16:35:34.651Z - info: No pages needed to be rebuilt
2020-07-13T16:35:43.520Z - info: Building C:\repos\nus-cs2103-AY2021S1\cs2103-website\admin\tp-w4 as some of its dependencies were changed since the last visit
2020-07-13T16:35:44.494Z - info: Site data built
2020-07-13T16:35:44.495Z - info: Lazy website regeneration complete! Total build time: 0.976s
2020-07-13T16:38:40.900Z - info: [12:38:40 AM] Reload for file change: C:\repos\nus-cs2103-AY2021S1\cs2103-website\admin\tp-constraints.md
2020-07-13T16:38:41.913Z - info: Rebuilding 1 pages
2020-07-13T16:38:43.183Z - info: Pages rebuilt
2020-07-13T16:38:43.183Z - info: Website regeneration complete! Total build time: 1.276s
2020-07-13T16:38:43.194Z - info: Site data built
2020-07-13T16:39:08.144Z - info: [12:39:08 AM] Reload for file change: C:\repos\nus-cs2103-AY2021S1\cs2103-website\admin\tp-constraints.md
2020-07-13T16:39:09.154Z - info: Rebuilding 1 pages
2020-07-13T16:39:10.320Z - info: Pages rebuilt
2020-07-13T16:39:10.320Z - info: Website regeneration complete! Total build time: 1.171s
2020-07-13T16:39:10.364Z - info: Site data built
2020-07-13T16:39:21.057Z - info: Building C:\repos\nus-cs2103-AY2021S1\cs2103-website\admin\tp-w5 as some of its dependencies were changed since the last visit
2020-07-13T16:39:21.732Z - info: Site data built
2020-07-13T16:39:21.732Z - info: Lazy website regeneration complete! Total build time: 0.675s
2020-07-13T16:39:37.318Z - info: Building C:\repos\nus-cs2103-AY2021S1\cs2103-website\admin\tp-w6 as some of its dependencies were changed since the last visit
2020-07-13T16:39:38.430Z - info: Site data built
2020-07-13T16:39:38.431Z - info: Lazy website regeneration complete! Total build time: 1.114s
2020-07-13T16:40:35.183Z - info: Building C:\repos\nus-cs2103-AY2021S1\cs2103-website\admin\tp-w7 as some of its dependencies were changed since the last visit
2020-07-13T16:40:35.843Z - info: Site data built
2020-07-13T16:40:35.844Z - info: Lazy website regeneration complete! Total build time: 0.661s
2020-07-13T16:41:10.121Z - info: [12:41:10 AM] Reload for file change: C:\repos\nus-cs2103-AY2021S1\cs2103-website\_markbind\variables.md
2020-07-13T16:41:11.239Z - warn: Rebuilding all pages as variables file was changed, or the --force-reload flag was set
2020-07-13T16:41:11.242Z - info: Rebuilding 1 pages
2020-07-13T16:41:11.978Z - info: Pages rebuilt
2020-07-13T16:41:11.978Z - info: Website regeneration complete! Total build time: 0.854s
2020-07-13T16:41:11.981Z - info: Site data built
2020-07-13T16:41:31.506Z - info: Building C:\repos\nus-cs2103-AY2021S1\cs2103-website\admin\tp-w8 as some of its dependencies were changed since the last visit
2020-07-13T16:41:32.674Z - info: Site data built
2020-07-13T16:41:32.674Z - info: Lazy website regeneration complete! Total build time: 1.169s
2020-07-13T16:42:00.560Z - info: Building C:\repos\nus-cs2103-AY2021S1\cs2103-website\admin\tp-w9 as some of its dependencies were changed since the last visit
2020-07-13T16:42:01.541Z - info: Site data built
2020-07-13T16:42:01.541Z - info: Lazy website regeneration complete! Total build time: 0.982s
2020-07-13T16:42:10.704Z - info: Building C:\repos\nus-cs2103-AY2021S1\cs2103-website\admin\tp-w10 as some of its dependencies were changed since the last visit
2020-07-13T16:42:11.501Z - info: Site data built
2020-07-13T16:42:11.501Z - info: Lazy website regeneration complete! Total build time: 0.797s
2020-07-13T16:46:29.049Z - info: [12:46:29 AM] Reload for file change: C:\repos\nus-cs2103-AY2021S1\cs2103-website\admin\tp-tasks.mbdf
2020-07-13T16:46:30.058Z - info: Rebuilding 1 pages
2020-07-13T16:46:31.401Z - info: Pages rebuilt
2020-07-13T16:46:31.401Z - info: Website regeneration complete! Total build time: 1.349s
2020-07-13T16:46:31.410Z - info: Site data built
2020-07-13T16:46:51.830Z - info: [12:46:51 AM] Reload for file change: C:\repos\nus-cs2103-AY2021S1\cs2103-website\admin\tp-tasks.mbdf
2020-07-13T16:46:52.849Z - info: Rebuilding 1 pages
2020-07-13T16:46:53.824Z - info: Pages rebuilt
2020-07-13T16:46:53.824Z - info: Website regeneration complete! Total build time: 0.979s
2020-07-13T16:46:53.829Z - info: Site data built
2020-07-13T16:48:17.266Z - info: Building C:\repos\nus-cs2103-AY2021S1\cs2103-website\admin\tp-w11 as some of its dependencies were changed since the last visit
2020-07-13T16:48:18.288Z - info: Site data built
2020-07-13T16:48:18.289Z - info: Lazy website regeneration complete! Total build time: 1.022s
2020-07-13T17:00:53.648Z - info: [1:00:53 AM] Reload for file change: C:\repos\nus-cs2103-AY2021S1\cs2103-website\admin\tp-tasks.mbdf
2020-07-13T17:00:54.667Z - info: Rebuilding 1 pages
2020-07-13T17:00:55.672Z - info: Pages rebuilt
2020-07-13T17:00:55.672Z - info: Website regeneration complete! Total build time: 1.011s
2020-07-13T17:00:55.773Z - info: Site data built
2020-07-13T17:01:33.017Z - info: Building C:\repos\nus-cs2103-AY2021S1\cs2103-website\admin\tp-w12 as some of its dependencies were changed since the last visit
2020-07-13T17:01:34.314Z - info: Site data built
2020-07-13T17:01:34.315Z - info: Lazy website regeneration complete! Total build time: 1.299s
2020-07-13T17:01:47.180Z - info: Building C:\repos\nus-cs2103-AY2021S1\cs2103-website\admin\tp-w13 as some of its dependencies were changed since the last visit
2020-07-13T17:01:48.412Z - info: Site data built
2020-07-13T17:01:48.413Z - info: Lazy website regeneration complete! Total build time: 1.233s
2020-07-13T17:02:44.171Z - info: Building C:\repos\nus-cs2103-AY2021S1\cs2103-website\admin\tp-deliverables as some of its dependencies were changed since the last visit
2020-07-13T17:02:45.114Z - info: Site data built
2020-07-13T17:02:45.114Z - info: Lazy website regeneration complete! Total build time: 0.944s
2020-07-13T17:03:22.616Z - info: Building C:\repos\nus-cs2103-AY2021S1\cs2103-website\admin\tp-grading as some of its dependencies were changed since the last visit
2020-07-13T17:03:23.312Z - info: Site data built
2020-07-13T17:03:23.313Z - info: Lazy website regeneration complete! Total build time: 0.698s
2020-07-13T17:09:29.871Z - info: Building C:\repos\nus-cs2103-AY2021S1\cs2103-website\schedule\timeline as some of its dependencies were changed since the last visit
2020-07-13T17:09:35.878Z - info: Site data built
2020-07-13T17:09:35.879Z - info: Lazy website regeneration complete! Total build time: 6.009s
2020-07-13T17:18:56.275Z - info: [1:18:56 AM] Reload for file change: C:\repos\nus-cs2103-AY2021S1\cs2103-website\_module-TIC4001\weeklyAdminTasks.mbdf
2020-07-13T17:18:57.285Z - info: No pages needed to be rebuilt
2020-07-13T17:19:04.874Z - info: Website generation (lazy) started at 1:19:02 AM
2020-07-13T17:19:13.630Z - info: Building assets...
2020-07-13T17:19:18.889Z - info: Assets built
2020-07-13T17:19:18.890Z - info: Generating landing page...
2020-07-13T17:19:19.588Z - info: Landing page built, other pages will be built as you navigate to them!
2020-07-13T17:19:19.679Z - info: Website generation (lazy) complete! Total build time: 17.465s
2020-07-13T17:19:20.507Z - info: Serving "C:\repos\nus-cs2103-AY2021S1\cs2103-website\_site" at http://127.0.0.1:8080
2020-07-13T17:19:20.507Z - info: Press CTRL+C to stop ...
2020-07-13T17:19:20.566Z - info: Site data built
2020-07-13T17:21:26.685Z - info: Building C:\repos\nus-cs2103-AY2021S1\cs2103-website\schedule\timeline as some of its dependencies were changed since the last visit
2020-07-13T17:21:26.974Z - error:  Template render error: (unknown path) [Line 38, Column 3]
  parseAggregate: expected comma after expression
    at Object._prettifyError (C:\repos\markbind\markbind\node_modules\nunjucks\src\lib.js:36:11)
    at C:\repos\markbind\markbind\node_modules\nunjucks\src\environment.js:561:19
    at eval (eval at _compile (C:\repos\markbind\markbind\node_modules\nunjucks\src\environment.js:631:18), <anonymous>:10:11)
    at C:\repos\markbind\markbind\node_modules\nunjucks\src\environment.js:611:9
    at eval (eval at _compile (C:\repos\markbind\markbind\node_modules\nunjucks\src\environment.js:631:18), <anonymous>:17:11)
    at C:\repos\markbind\markbind\node_modules\nunjucks\src\environment.js:611:9
    at eval (eval at _compile (C:\repos\markbind\markbind\node_modules\nunjucks\src\environment.js:631:18), <anonymous>:102:12)
    at Template.getExported (C:\repos\markbind\markbind\node_modules\nunjucks\src\environment.js:599:16)
    at eval (eval at _compile (C:\repos\markbind\markbind\node_modules\nunjucks\src\environment.js:631:18), <anonymous>:101:6)
    at createTemplate (C:\repos\markbind\markbind\node_modules\nunjucks\src\environment.js:313:9)
    at handle (C:\repos\markbind\markbind\node_modules\nunjucks\src\environment.js:325:11)
    at C:\repos\markbind\markbind\node_modules\nunjucks\src\environment.js:337:9
    at next (C:\repos\markbind\markbind\node_modules\nunjucks\src\lib.js:280:7)
    at Object.asyncIter (C:\repos\markbind\markbind\node_modules\nunjucks\src\lib.js:286:3)
    at Environment.getTemplate (C:\repos\markbind\markbind\node_modules\nunjucks\src\environment.js:319:9)
    at eval (eval at _compile (C:\repos\markbind\markbind\node_modules\nunjucks\src\environment.js:631:18), <anonymous>:99:5)
2020-07-13T17:21:27.152Z - info: Site data built
2020-07-13T17:21:27.153Z - info: Lazy website regeneration complete! Total build time: 0.483s
2020-07-13T17:23:36.527Z - info: [1:23:36 AM] Reload for file change: C:\repos\nus-cs2103-AY2021S1\cs2103-website\_module-TIC4001\weeklyAdminTasks.mbdf
2020-07-13T17:23:37.535Z - info: No pages needed to be rebuilt
2020-07-13T17:23:49.372Z - info: Website generation (lazy) started at 1:23:46 AM
2020-07-13T17:23:57.381Z - info: Building assets...
2020-07-13T17:24:02.892Z - info: Assets built
2020-07-13T17:24:02.893Z - info: Generating landing page...
2020-07-13T17:24:03.587Z - info: Landing page built, other pages will be built as you navigate to them!
2020-07-13T17:24:03.682Z - info: Website generation (lazy) complete! Total build time: 17.02s
2020-07-13T17:24:04.469Z - info: Serving "C:\repos\nus-cs2103-AY2021S1\cs2103-website\_site" at http://127.0.0.1:8080
2020-07-13T17:24:04.469Z - info: Press CTRL+C to stop ...
2020-07-13T17:24:04.526Z - info: Site data built
2020-07-13T17:24:48.394Z - info: Building C:\repos\nus-cs2103-AY2021S1\cs2103-website\schedule\timeline as some of its dependencies were changed since the last visit
2020-07-13T17:24:53.921Z - info: Site data built
2020-07-13T17:24:53.922Z - info: Lazy website regeneration complete! Total build time: 5.53s
2020-07-13T17:26:14.194Z - info: [1:26:14 AM] Reload for file change: C:\repos\nus-cs2103-AY2021S1\cs2103-website\_module-TIC4001\weeklyTpTasks.mbdf
2020-07-13T17:26:15.198Z - info: No pages needed to be rebuilt
2020-07-13T17:29:34.472Z - info: Building C:\repos\nus-cs2103-AY2021S1\cs2103-website\admin\index as some of its dependencies were changed since the last visit
2020-07-13T17:29:35.004Z - info: Site data built
2020-07-13T17:29:35.005Z - info: Lazy website regeneration complete! Total build time: 0.534s
2020-07-13T17:29:42.221Z - info: Building C:\repos\nus-cs2103-AY2021S1\cs2103-website\admin\tp-deliverables as some of its dependencies were changed since the last visit
2020-07-13T17:29:42.914Z - info: Site data built
2020-07-13T17:29:42.915Z - info: Lazy website regeneration complete! Total build time: 0.695s
2020-07-14T04:32:36.012Z - info: Website generation (lazy) started at 12:32:32 PM
2020-07-14T04:32:47.997Z - info: Building assets...
2020-07-14T04:32:54.393Z - info: Assets built
2020-07-14T04:32:54.394Z - info: Generating landing page...
2020-07-14T04:32:55.149Z - info: Landing page built, other pages will be built as you navigate to them!
2020-07-14T04:32:55.250Z - info: Website generation (lazy) complete! Total build time: 22.927s
2020-07-14T04:32:56.089Z - info: Serving "C:\repos\nus-cs2103-AY2021S1\cs2103-website\_site" at http://127.0.0.1:8080
2020-07-14T04:32:56.089Z - info: Press CTRL+C to stop ...
2020-07-14T04:32:56.171Z - info: Site data built
2020-07-14T04:53:33.399Z - info: Building C:\repos\nus-cs2103-AY2021S1\cs2103-website\admin\gradeBreakdown as some of its dependencies were changed since the last visit
2020-07-14T04:53:34.988Z - info: Site data built
2020-07-14T04:53:34.990Z - info: Lazy website regeneration complete! Total build time: 1.602s
2020-07-14T04:53:36.340Z - debug:  
2020-07-14T04:53:44.285Z - info: Building C:\repos\nus-cs2103-AY2021S1\cs2103-website\admin\tp-grading as some of its dependencies were changed since the last visit
2020-07-14T04:53:44.878Z - info: Site data built
2020-07-14T04:53:44.879Z - info: Lazy website regeneration complete! Total build time: 0.595s
2020-07-14T04:56:00.657Z - info: [12:56:00 PM] Reload for file change: C:\repos\nus-cs2103-AY2021S1\cs2103-website\admin\tp-grading.md
2020-07-14T04:56:01.669Z - info: Rebuilding 1 pages
2020-07-14T04:56:02.374Z - info: Pages rebuilt
2020-07-14T04:56:02.374Z - info: Website regeneration complete! Total build time: 0.707s
2020-07-14T04:56:02.377Z - info: Site data built
2020-07-14T04:57:33.675Z - info: [12:57:33 PM] Reload for file change: C:\repos\nus-cs2103-AY2021S1\cs2103-website\admin\tp-grading.md
2020-07-14T04:57:34.683Z - info: Rebuilding 1 pages
2020-07-14T04:57:35.452Z - info: Pages rebuilt
2020-07-14T04:57:35.452Z - info: Website regeneration complete! Total build time: 0.773s
2020-07-14T04:57:35.460Z - info: Site data built
2020-07-14T04:58:18.690Z - info: [12:58:18 PM] Reload for file change: C:\repos\nus-cs2103-AY2021S1\cs2103-website\admin\tp-grading.md
2020-07-14T04:58:19.706Z - info: Rebuilding 1 pages
2020-07-14T04:58:20.365Z - info: Pages rebuilt
2020-07-14T04:58:20.366Z - info: Website regeneration complete! Total build time: 0.67s
2020-07-14T04:58:20.369Z - info: Site data built
2020-07-14T04:59:02.430Z - info: [12:59:02 PM] Reload for file change: C:\repos\nus-cs2103-AY2021S1\cs2103-website\admin\tp-grading.md
2020-07-14T04:59:03.447Z - info: Rebuilding 1 pages
2020-07-14T04:59:04.248Z - info: Pages rebuilt
2020-07-14T04:59:04.248Z - info: Website regeneration complete! Total build time: 0.811s
2020-07-14T04:59:04.256Z - info: Site data built
2020-07-14T05:00:00.572Z - info: [1:00:00 PM] Reload for file change: C:\repos\nus-cs2103-AY2021S1\cs2103-website\admin\tp-grading.md
2020-07-14T05:00:01.581Z - info: Rebuilding 1 pages
2020-07-14T05:00:02.200Z - info: Pages rebuilt
2020-07-14T05:00:02.200Z - info: Website regeneration complete! Total build time: 0.624s
2020-07-14T05:00:02.204Z - info: Site data built
2020-07-14T05:00:24.619Z - info: [1:00:24 PM] Reload for file change: C:\repos\nus-cs2103-AY2021S1\cs2103-website\admin\tp-grading.md
2020-07-14T05:00:25.631Z - info: Rebuilding 1 pages
2020-07-14T05:00:26.432Z - info: Pages rebuilt
2020-07-14T05:00:26.432Z - info: Website regeneration complete! Total build time: 0.805s
2020-07-14T05:00:26.437Z - info: Site data built
2020-07-14T05:00:59.477Z - info: [1:00:59 PM] Reload for file change: C:\repos\nus-cs2103-AY2021S1\cs2103-website\admin\tp-grading.md
2020-07-14T05:01:00.485Z - info: Rebuilding 1 pages
2020-07-14T05:01:01.025Z - info: Pages rebuilt
2020-07-14T05:01:01.025Z - info: Website regeneration complete! Total build time: 0.546s
2020-07-14T05:01:01.028Z - info: Site data built
2020-07-14T05:01:45.770Z - info: [1:01:45 PM] Reload for file change: C:\repos\nus-cs2103-AY2021S1\cs2103-website\admin\tp-grading.md
2020-07-14T05:01:46.780Z - info: Rebuilding 1 pages
2020-07-14T05:01:47.433Z - info: Pages rebuilt
2020-07-14T05:01:47.433Z - info: Website regeneration complete! Total build time: 0.654s
2020-07-14T05:01:47.437Z - info: Site data built
2020-07-14T05:06:11.623Z - info: [1:06:11 PM] Reload for file change: C:\repos\nus-cs2103-AY2021S1\cs2103-website\_markbind\variables.md
2020-07-14T05:06:12.718Z - warn: Rebuilding all pages as variables file was changed, or the --force-reload flag was set
2020-07-14T05:06:12.722Z - info: Rebuilding 1 pages
2020-07-14T05:06:13.176Z - info: Pages rebuilt
2020-07-14T05:06:13.176Z - info: Website regeneration complete! Total build time: 0.552s
2020-07-14T05:06:13.179Z - info: Site data built
2020-07-14T05:07:07.462Z - info: [1:07:07 PM] Reload for file change: C:\repos\nus-cs2103-AY2021S1\cs2103-website\admin\tp-grading.md
2020-07-14T05:07:08.475Z - info: Rebuilding 1 pages
2020-07-14T05:07:09.263Z - info: Pages rebuilt
2020-07-14T05:07:09.263Z - info: Website regeneration complete! Total build time: 0.792s
2020-07-14T05:07:09.267Z - info: Site data built
2020-07-14T05:07:44.657Z - info: Building C:\repos\nus-cs2103-AY2021S1\cs2103-website\schedule\timeline as some of its dependencies were changed since the last visit
2020-07-14T05:07:51.122Z - info: Site data built
2020-07-14T05:07:51.122Z - info: Lazy website regeneration complete! Total build time: 6.465s
2020-07-14T05:17:31.799Z - info: [1:17:31 PM] Reload for file change: C:\repos\nus-cs2103-AY2021S1\cs2103-website\_module-TIC4001\weeklyTpTasks.mbdf
2020-07-14T05:17:32.815Z - info: No pages needed to be rebuilt
2020-07-14T05:17:47.854Z - info: Website generation (lazy) started at 1:17:44 PM
2020-07-14T05:18:00.982Z - info: Building assets...
2020-07-14T05:18:08.626Z - info: Assets built
2020-07-14T05:18:08.627Z - info: Generating landing page...
2020-07-14T05:18:09.587Z - info: Landing page built, other pages will be built as you navigate to them!
2020-07-14T05:18:09.678Z - info: Website generation (lazy) complete! Total build time: 24.917s
2020-07-14T05:18:10.875Z - info: Serving "C:\repos\nus-cs2103-AY2021S1\cs2103-website\_site" at http://127.0.0.1:8080
2020-07-14T05:18:10.876Z - info: Press CTRL+C to stop ...
2020-07-14T05:18:10.949Z - info: Site data built
2020-07-14T05:21:21.520Z - info: Building C:\repos\nus-cs2103-AY2021S1\cs2103-website\schedule\timeline as some of its dependencies were changed since the last visit
2020-07-14T05:21:27.501Z - info: Site data built
2020-07-14T05:21:27.502Z - info: Lazy website regeneration complete! Total build time: 5.989s
2020-07-14T05:22:24.088Z - info: Building C:\repos\nus-cs2103-AY2021S1\cs2103-website\schedule\week10\project as some of its dependencies were changed since the last visit
2020-07-14T05:22:25.437Z - info: Site data built
2020-07-14T05:22:25.437Z - info: Lazy website regeneration complete! Total build time: 1.351s
2020-07-14T05:54:30.021Z - info: [1:54:30 PM] Reload for file change: C:\repos\nus-cs2103-AY2021S1\cs2103-website\admin\tp-tasks.mbdf
2020-07-14T05:54:30.050Z - info: [1:54:30 PM] Reload for file change: C:\repos\nus-cs2103-AY2021S1\cs2103-website\_markbind\variables.md
2020-07-14T05:54:31.288Z - warn: Rebuilding all pages as variables file was changed, or the --force-reload flag was set
2020-07-14T05:54:31.330Z - info: Rebuilding 1 pages
2020-07-14T05:54:32.590Z - info: Pages rebuilt
2020-07-14T05:54:32.591Z - info: Website regeneration complete! Total build time: 1.55s
2020-07-14T05:54:32.622Z - info: Site data built
2020-07-14T05:55:52.564Z - info: [1:55:52 PM] Reload for file change: C:\repos\nus-cs2103-AY2021S1\cs2103-website\admin\tp-supervision.md
2020-07-14T05:55:53.572Z - info: No pages needed to be rebuilt
2020-07-14T05:56:04.193Z - info: Building C:\repos\nus-cs2103-AY2021S1\cs2103-website\admin\index as some of its dependencies were changed since the last visit
2020-07-14T05:56:04.797Z - info: Site data built
2020-07-14T05:56:04.798Z - info: Lazy website regeneration complete! Total build time: 0.607s
2020-07-14T05:56:22.949Z - info: Building C:\repos\nus-cs2103-AY2021S1\cs2103-website\admin\tp-supervision as some of its dependencies were changed since the last visit
2020-07-14T05:56:23.329Z - info: Site data built
2020-07-14T05:56:23.329Z - info: Lazy website regeneration complete! Total build time: 0.38s
2020-07-14T05:59:09.055Z - info: [1:59:09 PM] Reload for file change: C:\repos\nus-cs2103-AY2021S1\cs2103-website\admin\tp-tasks.mbdf
2020-07-14T05:59:10.068Z - info: No pages needed to be rebuilt
2020-07-14T05:59:46.602Z - info: [1:59:46 PM] Reload for file change: C:\repos\nus-cs2103-AY2021S1\cs2103-website\admin\tp-tasks.mbdf
2020-07-14T05:59:47.614Z - info: No pages needed to be rebuilt
2020-07-14T05:59:52.181Z - info: Building C:\repos\nus-cs2103-AY2021S1\cs2103-website\schedule\week10\project as some of its dependencies were changed since the last visit
2020-07-14T05:59:53.192Z - info: Site data built
2020-07-14T05:59:53.192Z - info: Lazy website regeneration complete! Total build time: 1.012s
2020-07-14T06:00:17.915Z - info: [2:00:17 PM] Reload for file change: C:\repos\nus-cs2103-AY2021S1\cs2103-website\admin\tp-tasks.mbdf
2020-07-14T06:00:18.926Z - info: Rebuilding 1 pages
2020-07-14T06:00:20.319Z - info: Pages rebuilt
2020-07-14T06:00:20.319Z - info: Website regeneration complete! Total build time: 1.398s
2020-07-14T06:00:20.357Z - info: Site data built
2020-07-14T06:01:40.159Z - info: Building C:\repos\nus-cs2103-AY2021S1\cs2103-website\schedule\week11\project as some of its dependencies were changed since the last visit
2020-07-14T06:01:41.118Z - info: Site data built
2020-07-14T06:01:41.119Z - info: Lazy website regeneration complete! Total build time: 0.961s
2020-07-14T06:02:38.107Z - info: [2:02:38 PM] Reload for file change: C:\repos\nus-cs2103-AY2021S1\cs2103-website\admin\tp-tasks.mbdf
2020-07-14T06:02:39.119Z - info: Rebuilding 1 pages
2020-07-14T06:02:39.953Z - info: Pages rebuilt
2020-07-14T06:02:39.953Z - info: Website regeneration complete! Total build time: 0.839s
2020-07-14T06:02:39.957Z - info: Site data built
2020-07-14T06:03:37.139Z - info: [2:03:37 PM] Reload for file change: C:\repos\nus-cs2103-AY2021S1\cs2103-website\admin\tp-tasks.mbdf
2020-07-14T06:03:38.147Z - info: Rebuilding 1 pages
2020-07-14T06:03:39.195Z - info: Pages rebuilt
2020-07-14T06:03:39.196Z - info: Website regeneration complete! Total build time: 1.053s
2020-07-14T06:03:39.252Z - info: Site data built
2020-07-14T06:04:14.197Z - info: [2:04:14 PM] Reload for file change: C:\repos\nus-cs2103-AY2021S1\cs2103-website\admin\tp-tasks.mbdf
2020-07-14T06:04:15.206Z - info: Rebuilding 1 pages
2020-07-14T06:04:16.010Z - info: Pages rebuilt
2020-07-14T06:04:16.010Z - info: Website regeneration complete! Total build time: 0.808s
2020-07-14T06:04:16.014Z - info: Site data built
2020-07-14T06:05:16.452Z - info: [2:05:16 PM] Reload for file change: C:\repos\nus-cs2103-AY2021S1\cs2103-website\admin\tp-tasks.mbdf
2020-07-14T06:05:17.463Z - info: Rebuilding 1 pages
2020-07-14T06:05:18.676Z - info: Pages rebuilt
2020-07-14T06:05:18.676Z - info: Website regeneration complete! Total build time: 1.219s
2020-07-14T06:05:18.716Z - info: Site data built
2020-07-14T06:06:22.313Z - info: [2:06:22 PM] Reload for file change: C:\repos\nus-cs2103-AY2021S1\cs2103-website\admin\tp-tasks.mbdf
2020-07-14T06:06:23.328Z - info: Rebuilding 1 pages
2020-07-14T06:06:24.117Z - info: Pages rebuilt
2020-07-14T06:06:24.117Z - info: Website regeneration complete! Total build time: 0.793s
2020-07-14T06:06:24.121Z - info: Site data built
2020-07-14T06:06:54.640Z - info: Building C:\repos\nus-cs2103-AY2021S1\cs2103-website\schedule\week12\project as some of its dependencies were changed since the last visit
2020-07-14T06:06:56.022Z - info: Site data built
2020-07-14T06:06:56.022Z - info: Lazy website regeneration complete! Total build time: 1.383s
2020-07-14T06:09:55.825Z - info: [2:09:55 PM] Reload for file change: C:\repos\nus-cs2103-AY2021S1\cs2103-website\admin\tp-grading.md
2020-07-14T06:09:55.837Z - info: [2:09:55 PM] Reload for file change: C:\repos\nus-cs2103-AY2021S1\cs2103-website\_markbind\variables.md
2020-07-14T06:09:56.943Z - warn: Rebuilding all pages as variables file was changed, or the --force-reload flag was set
2020-07-14T06:09:56.948Z - info: Rebuilding 1 pages
2020-07-14T06:09:57.923Z - info: Pages rebuilt
2020-07-14T06:09:57.924Z - info: Website regeneration complete! Total build time: 1.087s
2020-07-14T06:09:57.928Z - info: Site data built
2020-07-14T06:10:03.687Z - info: Building C:\repos\nus-cs2103-AY2021S1\cs2103-website\admin\index as some of its dependencies were changed since the last visit
2020-07-14T06:10:04.138Z - info: Site data built
2020-07-14T06:10:04.140Z - info: Lazy website regeneration complete! Total build time: 0.452s
2020-07-14T06:10:08.234Z - info: Building C:\repos\nus-cs2103-AY2021S1\cs2103-website\admin\tp-grading as some of its dependencies were changed since the last visit
2020-07-14T06:10:08.746Z - info: Site data built
2020-07-14T06:10:08.747Z - info: Lazy website regeneration complete! Total build time: 0.513s
2020-07-14T06:10:20.320Z - info: [2:10:20 PM] Reload for file change: C:\repos\nus-cs2103-AY2021S1\cs2103-website\_markbind\variables.md
2020-07-14T06:10:21.374Z - warn: Rebuilding all pages as variables file was changed, or the --force-reload flag was set
2020-07-14T06:10:21.378Z - info: Rebuilding 1 pages
2020-07-14T06:10:21.805Z - info: Pages rebuilt
2020-07-14T06:10:21.805Z - info: Website regeneration complete! Total build time: 0.484s
2020-07-14T06:10:21.815Z - info: Site data built
2020-07-14T06:19:31.968Z - info: [2:19:31 PM] Reload for file change: C:\repos\nus-cs2103-AY2021S1\cs2103-website\admin\tp-tasks.mbdf
2020-07-14T06:19:32.995Z - info: No pages needed to be rebuilt
2020-07-14T06:19:38.909Z - info: Building C:\repos\nus-cs2103-AY2021S1\cs2103-website\schedule\week12\project as some of its dependencies were changed since the last visit
2020-07-14T06:19:40.211Z - info: Site data built
2020-07-14T06:19:40.211Z - info: Lazy website regeneration complete! Total build time: 1.302s
2020-07-14T06:20:20.589Z - info: Building C:\repos\nus-cs2103-AY2021S1\cs2103-website\schedule\week13\project as some of its dependencies were changed since the last visit
2020-07-14T06:20:21.639Z - info: Site data built
2020-07-14T06:20:21.639Z - info: Lazy website regeneration complete! Total build time: 1.051s
2020-07-14T06:23:30.796Z - info: [2:23:30 PM] Reload for file change: C:\repos\nus-cs2103-AY2021S1\cs2103-website\admin\tp-tasks.mbdf
2020-07-14T06:23:30.830Z - info: [2:23:30 PM] Reload for file change: C:\repos\nus-cs2103-AY2021S1\cs2103-website\_markbind\variables.md
2020-07-14T06:23:31.940Z - warn: Rebuilding all pages as variables file was changed, or the --force-reload flag was set
2020-07-14T06:23:31.945Z - info: Rebuilding 1 pages
2020-07-14T06:23:33.440Z - info: Pages rebuilt
2020-07-14T06:23:33.441Z - info: Website regeneration complete! Total build time: 1.635s
2020-07-14T06:23:33.499Z - info: Site data built
2020-07-14T06:24:23.136Z - info: [2:24:23 PM] Reload for file change: C:\repos\nus-cs2103-AY2021S1\cs2103-website\_markbind\variables.md
2020-07-14T06:24:24.248Z - warn: Rebuilding all pages as variables file was changed, or the --force-reload flag was set
2020-07-14T06:24:24.253Z - info: Rebuilding 1 pages
2020-07-14T06:24:25.237Z - info: Pages rebuilt
2020-07-14T06:24:25.238Z - info: Website regeneration complete! Total build time: 1.1s
2020-07-14T06:24:25.241Z - info: Site data built
2020-07-14T06:27:11.886Z - info: Building C:\repos\nus-cs2103-AY2021S1\cs2103-website\admin\index as some of its dependencies were changed since the last visit
2020-07-14T06:27:12.312Z - info: Site data built
2020-07-14T06:27:12.314Z - info: Lazy website regeneration complete! Total build time: 0.43s
2020-07-14T06:27:16.927Z - info: Building C:\repos\nus-cs2103-AY2021S1\cs2103-website\admin\tp-deliverables as some of its dependencies were changed since the last visit
2020-07-14T06:27:17.484Z - info: Site data built
2020-07-14T06:27:17.485Z - info: Lazy website regeneration complete! Total build time: 0.558s
2020-07-14T06:29:18.872Z - info: [2:29:18 PM] Reload for file change: C:\repos\nus-cs2103-AY2021S1\cs2103-website\admin\tp-deliverables-ug.mbdf
2020-07-14T06:29:19.876Z - info: Rebuilding 1 pages
2020-07-14T06:29:20.766Z - info: Pages rebuilt
2020-07-14T06:29:20.766Z - info: Website regeneration complete! Total build time: 0.892s
2020-07-14T06:29:20.771Z - info: Site data built
2020-07-14T06:30:10.774Z - info: Building C:\repos\nus-cs2103-AY2021S1\cs2103-website\schedule\week13\project as some of its dependencies were changed since the last visit
2020-07-14T06:30:11.798Z - info: Site data built
2020-07-14T06:30:11.799Z - info: Lazy website regeneration complete! Total build time: 1.026s
2020-07-14T06:31:09.083Z - info: [2:31:09 PM] Reload for file change: C:\repos\nus-cs2103-AY2021S1\cs2103-website\admin\tp-tasks.mbdf
2020-07-14T06:31:10.088Z - info: Rebuilding 1 pages
2020-07-14T06:31:11.554Z - info: Pages rebuilt
2020-07-14T06:31:11.554Z - info: Website regeneration complete! Total build time: 1.468s
2020-07-14T06:31:11.587Z - info: Site data built
2020-07-14T06:35:13.965Z - info: [2:35:13 PM] Reload for file change: C:\repos\nus-cs2103-AY2021S1\cs2103-website\admin\tp-tasks.mbdf
2020-07-14T06:35:14.970Z - info: Rebuilding 1 pages
2020-07-14T06:35:16.592Z - info: Pages rebuilt
2020-07-14T06:35:16.592Z - info: Website regeneration complete! Total build time: 1.623s
2020-07-14T06:35:16.637Z - info: Site data built
2020-07-14T06:35:20.872Z - info: [2:35:20 PM] Reload for file change: C:\repos\nus-cs2103-AY2021S1\cs2103-website\admin\tp-tasks.mbdf
2020-07-14T06:35:21.876Z - info: Rebuilding 1 pages
2020-07-14T06:35:23.157Z - info: Pages rebuilt
2020-07-14T06:35:23.157Z - info: Website regeneration complete! Total build time: 1.283s
2020-07-14T06:35:23.161Z - info: Site data built
2020-07-14T06:39:28.090Z - info: [2:39:28 PM] Reload for file change: C:\repos\nus-cs2103-AY2021S1\cs2103-website\admin\tp-tasks.mbdf
2020-07-14T06:39:28.110Z - info: [2:39:28 PM] Reload for file change: C:\repos\nus-cs2103-AY2021S1\cs2103-website\_markbind\variables.md
2020-07-14T06:39:29.270Z - warn: Rebuilding all pages as variables file was changed, or the --force-reload flag was set
2020-07-14T06:39:29.275Z - info: Rebuilding 1 pages
2020-07-14T06:39:30.778Z - info: Pages rebuilt
2020-07-14T06:39:30.779Z - info: Website regeneration complete! Total build time: 1.679s
2020-07-14T06:39:30.841Z - info: Site data built
2020-07-14T06:39:53.448Z - info: [2:39:53 PM] Reload for file change: C:\repos\nus-cs2103-AY2021S1\cs2103-website\admin\tp-tasks.mbdf
2020-07-14T06:39:54.451Z - info: Rebuilding 1 pages
2020-07-14T06:39:55.816Z - info: Pages rebuilt
2020-07-14T06:39:55.816Z - info: Website regeneration complete! Total build time: 1.366s
2020-07-14T06:39:55.857Z - info: Site data built
2020-07-14T06:40:23.247Z - info: [2:40:23 PM] Reload for file change: C:\repos\nus-cs2103-AY2021S1\cs2103-website\admin\tp-tasks.mbdf
2020-07-14T06:40:24.257Z - info: Rebuilding 1 pages
2020-07-14T06:40:25.687Z - info: Pages rebuilt
2020-07-14T06:40:25.688Z - info: Website regeneration complete! Total build time: 1.436s
2020-07-14T06:40:25.749Z - info: Site data built
2020-07-14T06:40:37.781Z - info: [2:40:37 PM] Reload for file change: C:\repos\nus-cs2103-AY2021S1\cs2103-website\admin\tp-tasks.mbdf
2020-07-14T06:40:38.786Z - info: Rebuilding 1 pages
2020-07-14T06:40:39.869Z - info: Pages rebuilt
2020-07-14T06:40:39.869Z - info: Website regeneration complete! Total build time: 1.084s
2020-07-14T06:40:39.873Z - info: Site data built
2020-07-14T06:40:52.824Z - info: [2:40:52 PM] Reload for file change: C:\repos\nus-cs2103-AY2021S1\cs2103-website\admin\tp-tasks.mbdf
2020-07-14T06:40:53.843Z - info: Rebuilding 1 pages
2020-07-14T06:40:54.862Z - info: Pages rebuilt
2020-07-14T06:40:54.863Z - info: Website regeneration complete! Total build time: 1.021s
2020-07-14T06:40:54.866Z - info: Site data built
2020-07-14T06:41:19.137Z - info: [2:41:19 PM] Reload for file change: C:\repos\nus-cs2103-AY2021S1\cs2103-website\admin\tp-tasks.mbdf
2020-07-14T06:41:20.152Z - info: Rebuilding 1 pages
2020-07-14T06:41:21.159Z - info: Pages rebuilt
2020-07-14T06:41:21.159Z - info: Website regeneration complete! Total build time: 1.008s
2020-07-14T06:41:21.164Z - info: Site data built
2020-07-14T06:41:34.721Z - info: [2:41:34 PM] Reload for file change: C:\repos\nus-cs2103-AY2021S1\cs2103-website\admin\tp-tasks.mbdf
2020-07-14T06:41:35.726Z - info: Rebuilding 1 pages
2020-07-14T06:41:36.735Z - info: Pages rebuilt
2020-07-14T06:41:36.735Z - info: Website regeneration complete! Total build time: 1.01s
2020-07-14T06:41:36.738Z - info: Site data built
2020-07-14T06:42:07.747Z - info: [2:42:07 PM] Reload for file change: C:\repos\nus-cs2103-AY2021S1\cs2103-website\admin\tp-tasks.mbdf
2020-07-14T06:42:08.750Z - info: Rebuilding 1 pages
2020-07-14T06:42:09.711Z - info: Pages rebuilt
2020-07-14T06:42:09.711Z - info: Website regeneration complete! Total build time: 0.962s
2020-07-14T06:42:09.717Z - info: Site data built
2020-07-14T06:42:28.302Z - info: [2:42:28 PM] Reload for file change: C:\repos\nus-cs2103-AY2021S1\cs2103-website\admin\tp-tasks.mbdf
2020-07-14T06:42:29.311Z - info: Rebuilding 1 pages
2020-07-14T06:42:30.859Z - info: Pages rebuilt
2020-07-14T06:42:30.860Z - info: Website regeneration complete! Total build time: 1.553s
2020-07-14T06:42:30.914Z - info: Site data built
2020-07-14T06:47:45.727Z - info: [2:47:45 PM] Reload for file change: C:\repos\nus-cs2103-AY2021S1\cs2103-website\admin\moduleExpectations.md
2020-07-14T06:47:45.734Z - info: [2:47:45 PM] Reload for file change: C:\repos\nus-cs2103-AY2021S1\cs2103-website\admin\instructors.md
2020-07-14T06:47:45.738Z - info: [2:47:45 PM] Reload for file change: C:\repos\nus-cs2103-AY2021S1\cs2103-website\admin\tp-teams.md
2020-07-14T06:47:45.745Z - info: [2:47:45 PM] Reload for file change: C:\repos\nus-cs2103-AY2021S1\cs2103-website\admin\ip-tasks.mbdf
2020-07-14T06:47:45.777Z - info: [2:47:45 PM] Reload for file change: C:\repos\nus-cs2103-AY2021S1\cs2103-website\admin\tp-tasks.mbdf
2020-07-14T06:47:45.787Z - info: [2:47:45 PM] Reload for file change: C:\repos\nus-cs2103-AY2021S1\cs2103-website\se-book-adapted\chapters\softwareEngineering.md
2020-07-14T06:47:45.788Z - info: [2:47:45 PM] Reload for file change: C:\repos\nus-cs2103-AY2021S1\cs2103-website\admin\appendixE-gitHub.md
2020-07-14T06:47:45.794Z - info: [2:47:45 PM] Reload for file change: C:\repos\nus-cs2103-AY2021S1\cs2103-website\se-book-adapted\chapters-printable\softwareEngineering-printable.md
2020-07-14T06:47:46.742Z - info: Rebuilding 1 pages
2020-07-14T06:47:48.193Z - info: Pages rebuilt
2020-07-14T06:47:48.193Z - info: Website regeneration complete! Total build time: 1.461s
2020-07-14T06:47:48.235Z - info: Site data built
2020-07-14T06:48:02.998Z - info: Building C:\repos\nus-cs2103-AY2021S1\cs2103-website\admin\index as some of its dependencies were changed since the last visit
2020-07-14T06:48:03.315Z - info: Site data built
2020-07-14T06:48:03.316Z - info: Lazy website regeneration complete! Total build time: 0.319s
2020-07-14T06:48:06.525Z - info: Building C:\repos\nus-cs2103-AY2021S1\cs2103-website\admin\instructors as some of its dependencies were changed since the last visit
2020-07-14T06:48:06.978Z - info: Site data built
2020-07-14T06:48:06.979Z - info: Lazy website regeneration complete! Total build time: 0.453s
2020-07-14T06:50:21.563Z - info: [2:50:21 PM] Reload for file change: C:\repos\nus-cs2103-AY2021S1\cs2103-website\_markbind\variables.md
2020-07-14T06:50:22.682Z - warn: Rebuilding all pages as variables file was changed, or the --force-reload flag was set
2020-07-14T06:50:22.687Z - info: Rebuilding 1 pages
2020-07-14T06:50:22.969Z - info: Pages rebuilt
2020-07-14T06:50:22.970Z - info: Website regeneration complete! Total build time: 0.405s
2020-07-14T06:50:22.975Z - info: Site data built
2020-07-14T06:50:42.596Z - info: [2:50:42 PM] Reload for file change: C:\repos\nus-cs2103-AY2021S1\cs2103-website\admin\moduleExpectations.md
2020-07-14T06:50:43.600Z - info: No pages needed to be rebuilt
2020-07-14T06:50:47.951Z - info: Building C:\repos\nus-cs2103-AY2021S1\cs2103-website\admin\moduleExpectations as some of its dependencies were changed since the last visit
2020-07-14T06:50:48.302Z - info: Site data built
2020-07-14T06:50:48.302Z - info: Lazy website regeneration complete! Total build time: 0.352s
2020-07-14T06:51:29.081Z - info: [2:51:29 PM] Reload for file change: C:\repos\nus-cs2103-AY2021S1\cs2103-website\_markbind\variables.md
2020-07-14T06:51:30.203Z - warn: Rebuilding all pages as variables file was changed, or the --force-reload flag was set
2020-07-14T06:51:30.209Z - info: Rebuilding 1 pages
2020-07-14T06:51:30.460Z - info: Pages rebuilt
2020-07-14T06:51:30.460Z - info: Website regeneration complete! Total build time: 0.378s
2020-07-14T06:51:30.466Z - info: Site data built
2020-07-14T06:51:45.554Z - info: [2:51:45 PM] Reload for file change: C:\repos\nus-cs2103-AY2021S1\cs2103-website\_markbind\variables.md
2020-07-14T06:51:46.599Z - warn: Rebuilding all pages as variables file was changed, or the --force-reload flag was set
2020-07-14T06:51:46.605Z - info: Rebuilding 1 pages
2020-07-14T06:51:46.834Z - info: Pages rebuilt
2020-07-14T06:51:46.834Z - info: Website regeneration complete! Total build time: 0.28s
2020-07-14T06:51:46.844Z - info: Site data built
2020-07-14T06:52:11.022Z - info: Building C:\repos\nus-cs2103-AY2021S1\cs2103-website\admin\tp-teams as some of its dependencies were changed since the last visit
2020-07-14T06:52:11.300Z - info: Site data built
2020-07-14T06:52:11.300Z - info: Lazy website regeneration complete! Total build time: 0.279s
2020-07-14T06:53:23.947Z - info: Website generation started at 2:53:20 PM
2020-07-14T06:53:32.586Z - info: Building assets...
2020-07-14T06:53:38.204Z - info: Assets built
2020-07-14T06:53:38.205Z - info: Generating pages...
2020-07-14T06:53:49.198Z - debug: The process cannot access the file because it is being used by another process.

2020-07-14T06:53:49.199Z - debug: The process cannot access the file because it is being used by another process.

2020-07-14T06:53:50.204Z - debug: The process cannot access the file because it is being used by another process.

2020-07-14T06:53:50.205Z - debug: The process cannot access the file because it is being used by another process.

2020-07-14T06:53:50.205Z - debug:  
2020-07-14T06:53:50.205Z - debug:  
2020-07-14T06:53:50.206Z - debug:  
2020-07-14T06:53:50.206Z - debug:  
2020-07-14T06:53:55.165Z - debug: The process cannot access the file because it is being used by another process.

2020-07-14T06:53:55.165Z - debug:  
2020-07-14T06:53:55.165Z - debug: The process cannot access the file because it is being used by another process.

2020-07-14T06:53:55.166Z - debug:  
2020-07-14T06:53:56.605Z - debug: The process cannot access the file because it is being used by another process.

2020-07-14T06:53:56.605Z - debug: The process cannot access the file because it is being used by another process.

2020-07-14T06:53:56.729Z - debug:  
2020-07-14T06:53:56.729Z - debug:  
2020-07-14T06:53:57.220Z - debug: The process cannot access the file because it is being used by another process.

2020-07-14T06:53:57.221Z - debug: The process cannot access the file because it is being used by another process.

2020-07-14T06:54:00.431Z - debug:  
2020-07-14T06:54:00.431Z - debug:  
2020-07-14T06:54:18.871Z - debug: The process cannot access the file because it is being used by another process.

2020-07-14T06:54:18.875Z - debug: The process cannot access the file because it is being used by another process.

2020-07-14T06:54:20.339Z - debug:  
2020-07-14T06:54:20.360Z - debug: The process cannot access the file because it is being used by another process.

2020-07-14T06:54:20.651Z - debug:  
2020-07-14T06:54:22.427Z - debug: The process cannot access the file because it is being used by another process.

2020-07-14T06:54:22.427Z - debug:  
2020-07-14T06:54:23.930Z - debug:  
2020-07-14T06:54:29.126Z - debug: The process cannot access the file because it is being used by another process.

2020-07-14T06:54:30.946Z - debug: The process cannot access the file because it is being used by another process.

2020-07-14T06:54:31.138Z - debug:  
2020-07-14T06:54:51.710Z - debug:  
2020-07-14T06:54:51.712Z - debug:  
2020-07-14T06:54:51.713Z - debug:  
2020-07-14T06:54:51.713Z - debug:  
2020-07-14T06:54:55.698Z - debug:  
2020-07-14T06:54:55.919Z - debug:  
2020-07-14T06:55:00.848Z - debug:  
2020-07-14T06:55:04.605Z - debug:  
2020-07-14T06:55:04.605Z - debug:  
2020-07-14T06:55:04.606Z - debug:  
2020-07-14T06:55:04.606Z - debug:  
2020-07-14T06:55:11.081Z - debug:  
2020-07-14T06:55:11.082Z - debug:  
2020-07-14T06:55:14.630Z - debug:  
2020-07-14T06:55:33.444Z - debug:  
2020-07-14T06:55:33.444Z - debug:  
2020-07-14T06:55:33.444Z - debug:  
2020-07-14T06:55:50.373Z - debug:  
2020-07-14T06:55:58.458Z - debug:  
2020-07-14T06:55:58.458Z - debug:  
2020-07-14T06:56:07.028Z - info: Pages built
2020-07-14T06:56:30.579Z - info: Website generation complete! Total build time: 189.729s
2020-07-14T06:56:31.379Z - info: Serving "C:\repos\nus-cs2103-AY2021S1\cs2103-website\_site" at http://127.0.0.1:8080
2020-07-14T06:56:31.379Z - info: Press CTRL+C to stop ...
2020-07-14T06:56:31.380Z - debug:  
2020-07-14T06:56:31.447Z - info: Site data built
2020-07-14T06:58:36.366Z - info: [2:58:36 PM] Reload for file change: C:\repos\nus-cs2103-AY2021S1\cs2103-website\admin\moduleOverview.md
2020-07-14T06:58:37.383Z - info: Rebuilding 4 pages
2020-07-14T06:58:40.933Z - info: Pages rebuilt
2020-07-14T06:58:40.933Z - info: Website regeneration complete! Total build time: 3.559s
2020-07-14T06:58:40.963Z - info: Site data built
2020-07-14T06:58:41.062Z - debug:  
2020-07-14T06:59:29.144Z - info: [2:59:29 PM] Reload for file change: C:\repos\nus-cs2103-AY2021S1\cs2103-website\admin\moduleOverview.md
2020-07-14T06:59:30.155Z - info: Rebuilding 4 pages
2020-07-14T06:59:32.889Z - info: Pages rebuilt
2020-07-14T06:59:32.889Z - info: Website regeneration complete! Total build time: 2.74s
2020-07-14T06:59:32.909Z - info: Site data built
2020-07-14T06:59:33.003Z - debug:  
2020-07-14T07:03:12.860Z - info: [3:03:12 PM] Reload for file change: C:\repos\nus-cs2103-AY2021S1\cs2103-website\admin\moduleOverview.md
2020-07-14T07:03:13.889Z - info: Rebuilding 4 pages
2020-07-14T07:03:16.476Z - info: Pages rebuilt
2020-07-14T07:03:16.477Z - info: Website regeneration complete! Total build time: 2.59s
2020-07-14T07:03:16.491Z - info: Site data built
2020-07-14T07:03:16.864Z - debug:  
2020-07-14T07:04:52.403Z - info: [3:04:52 PM] Reload for file change: C:\repos\nus-cs2103-AY2021S1\cs2103-website\admin\moduleOverview.md
2020-07-14T07:04:53.418Z - info: Rebuilding 4 pages
2020-07-14T07:04:56.075Z - info: Pages rebuilt
2020-07-14T07:04:56.075Z - info: Website regeneration complete! Total build time: 2.664s
2020-07-14T07:04:56.135Z - info: Site data built
2020-07-14T07:04:56.614Z - debug:  
2020-07-14T07:05:14.298Z - info: [3:05:14 PM] Reload for file change: C:\repos\nus-cs2103-AY2021S1\cs2103-website\admin\moduleOverview.md
2020-07-14T07:05:15.309Z - info: Rebuilding 4 pages
2020-07-14T07:05:17.855Z - info: Pages rebuilt
2020-07-14T07:05:17.855Z - info: Website regeneration complete! Total build time: 2.55s
2020-07-14T07:05:17.862Z - info: Site data built
2020-07-14T07:05:18.182Z - debug:  
2020-07-14T07:05:27.898Z - info: [3:05:27 PM] Reload for file change: C:\repos\nus-cs2103-AY2021S1\cs2103-website\admin\moduleOverview.md
2020-07-14T07:05:28.903Z - info: Rebuilding 4 pages
2020-07-14T07:05:31.087Z - info: Pages rebuilt
2020-07-14T07:05:31.087Z - info: Website regeneration complete! Total build time: 2.189s
2020-07-14T07:05:31.157Z - info: Site data built
2020-07-14T07:05:32.066Z - debug:  
2020-07-14T07:10:01.437Z - info: [3:10:01 PM] Reload for file change: C:\repos\nus-cs2103-AY2021S1\cs2103-website\admin\moduleOverview.md
2020-07-14T07:10:02.446Z - info: Rebuilding 4 pages
2020-07-14T07:10:04.661Z - info: Pages rebuilt
2020-07-14T07:10:04.661Z - info: Website regeneration complete! Total build time: 2.222s
2020-07-14T07:10:04.756Z - info: Site data built
2020-07-14T07:10:05.480Z - debug:  
2020-07-14T07:10:59.930Z - info: [3:10:59 PM] Reload for file change: C:\repos\nus-cs2103-AY2021S1\cs2103-website\admin\moduleOverview.md
2020-07-14T07:11:00.938Z - info: Rebuilding 4 pages
2020-07-14T07:11:03.275Z - info: Pages rebuilt
2020-07-14T07:11:03.276Z - info: Website regeneration complete! Total build time: 2.343s
2020-07-14T07:11:03.298Z - info: Site data built
2020-07-14T07:11:03.862Z - debug:  
2020-07-14T07:11:47.026Z - info: [3:11:47 PM] Reload for file change: C:\repos\nus-cs2103-AY2021S1\cs2103-website\admin\moduleOverview.md
2020-07-14T07:11:48.027Z - info: Rebuilding 4 pages
2020-07-14T07:11:50.371Z - info: Pages rebuilt
2020-07-14T07:11:50.372Z - info: Website regeneration complete! Total build time: 2.346s
2020-07-14T07:11:50.388Z - info: Site data built
2020-07-14T07:11:50.619Z - debug:  
2020-07-14T07:12:00.940Z - info: [3:12:00 PM] Reload for file change: C:\repos\nus-cs2103-AY2021S1\cs2103-website\admin\moduleOverview.md
2020-07-14T07:12:01.949Z - info: Rebuilding 4 pages
2020-07-14T07:12:04.348Z - info: Pages rebuilt
2020-07-14T07:12:04.348Z - info: Website regeneration complete! Total build time: 2.403s
2020-07-14T07:12:04.403Z - info: Site data built
2020-07-14T07:12:04.853Z - debug:  
2020-07-14T07:14:08.092Z - info: [3:14:08 PM] Reload for file change: C:\repos\nus-cs2103-AY2021S1\cs2103-website\admin\moduleOverview.md
2020-07-14T07:14:09.101Z - info: Rebuilding 4 pages
2020-07-14T07:14:11.293Z - info: Pages rebuilt
2020-07-14T07:14:11.293Z - info: Website regeneration complete! Total build time: 2.198s
2020-07-14T07:14:11.370Z - info: Site data built
2020-07-14T07:14:11.977Z - debug:  
2020-07-14T07:14:24.196Z - info: [3:14:24 PM] Reload for file change: C:\repos\nus-cs2103-AY2021S1\cs2103-website\admin\moduleOverview.md
2020-07-14T07:14:25.214Z - info: Rebuilding 4 pages
2020-07-14T07:14:27.528Z - info: Pages rebuilt
2020-07-14T07:14:27.530Z - info: Website regeneration complete! Total build time: 2.323s
2020-07-14T07:14:27.601Z - info: Site data built
2020-07-14T07:14:28.109Z - debug:  
2020-07-14T07:15:59.009Z - info: [3:15:59 PM] Reload for file change: C:\repos\nus-cs2103-AY2021S1\cs2103-website\admin\moduleOverview.md
2020-07-14T07:16:00.021Z - info: Rebuilding 4 pages
2020-07-14T07:16:02.194Z - info: Pages rebuilt
2020-07-14T07:16:02.195Z - info: Website regeneration complete! Total build time: 2.181s
2020-07-14T07:16:02.223Z - info: Site data built
2020-07-14T07:16:02.861Z - debug:  
2020-07-14T07:16:34.449Z - info: [3:16:34 PM] Reload for file change: C:\repos\nus-cs2103-AY2021S1\cs2103-website\admin\moduleOverview.md
2020-07-14T07:16:35.457Z - info: Rebuilding 4 pages
2020-07-14T07:16:37.801Z - info: Pages rebuilt
2020-07-14T07:16:37.802Z - info: Website regeneration complete! Total build time: 2.348s
2020-07-14T07:16:37.822Z - info: Site data built
2020-07-14T07:16:38.343Z - debug:  
2020-07-14T07:18:23.761Z - info: [3:18:23 PM] Reload for file change: C:\repos\nus-cs2103-AY2021S1\cs2103-website\admin\moduleOverview.md
2020-07-14T07:18:24.768Z - info: Rebuilding 4 pages
2020-07-14T07:18:27.006Z - info: Pages rebuilt
2020-07-14T07:18:27.007Z - info: Website regeneration complete! Total build time: 2.246s
2020-07-14T07:18:27.043Z - info: Site data built
2020-07-14T07:18:27.783Z - debug:  
2020-07-14T07:19:31.695Z - info: [3:19:31 PM] Reload for file change: C:\repos\nus-cs2103-AY2021S1\cs2103-website\admin\moduleOverview.md
2020-07-14T07:19:32.698Z - info: Rebuilding 4 pages
2020-07-14T07:19:35.098Z - info: Pages rebuilt
2020-07-14T07:19:35.098Z - info: Website regeneration complete! Total build time: 2.402s
2020-07-14T07:19:35.131Z - info: Site data built
2020-07-14T07:19:35.368Z - debug:  
2020-07-14T07:21:01.608Z - info: [3:21:01 PM] Reload for file change: C:\repos\nus-cs2103-AY2021S1\cs2103-website\admin\moduleOverview.md
2020-07-14T07:21:02.612Z - info: Rebuilding 4 pages
2020-07-14T07:21:05.625Z - info: Pages rebuilt
2020-07-14T07:21:05.626Z - info: Website regeneration complete! Total build time: 3.017s
2020-07-14T07:21:05.675Z - info: Site data built
2020-07-14T07:21:06.255Z - debug:  
2020-07-14T07:21:26.349Z - info: [3:21:26 PM] Reload for file change: C:\repos\nus-cs2103-AY2021S1\cs2103-website\admin\moduleOverview.md
2020-07-14T07:21:27.356Z - info: Rebuilding 4 pages
2020-07-14T07:21:29.848Z - info: Pages rebuilt
2020-07-14T07:21:29.849Z - info: Website regeneration complete! Total build time: 2.495s
2020-07-14T07:21:29.881Z - info: Site data built
2020-07-14T07:21:30.289Z - debug:  
2020-07-14T07:22:34.678Z - info: [3:22:34 PM] Reload for file change: C:\repos\nus-cs2103-AY2021S1\cs2103-website\admin\moduleOverview.md
2020-07-14T07:22:35.695Z - info: Rebuilding 4 pages
2020-07-14T07:22:37.824Z - info: Pages rebuilt
2020-07-14T07:22:37.824Z - info: Website regeneration complete! Total build time: 2.135s
2020-07-14T07:22:37.842Z - info: Site data built
2020-07-14T07:22:38.682Z - debug:  
2020-07-14T07:22:49.370Z - info: [3:22:49 PM] Reload for file change: C:\repos\nus-cs2103-AY2021S1\cs2103-website\admin\moduleOverview.md
2020-07-14T07:22:50.386Z - info: Rebuilding 4 pages
2020-07-14T07:22:52.821Z - info: Pages rebuilt
2020-07-14T07:22:52.821Z - info: Website regeneration complete! Total build time: 2.439s
2020-07-14T07:22:52.842Z - info: Site data built
2020-07-14T07:22:53.191Z - debug:  
2020-07-14T07:23:07.978Z - info: [3:23:07 PM] Reload for file change: C:\repos\nus-cs2103-AY2021S1\cs2103-website\admin\moduleOverview.md
2020-07-14T07:23:08.985Z - info: Rebuilding 4 pages
2020-07-14T07:23:11.026Z - info: Pages rebuilt
2020-07-14T07:23:11.026Z - info: Website regeneration complete! Total build time: 2.046s
2020-07-14T07:23:11.096Z - info: Site data built
2020-07-14T07:23:11.955Z - debug:  
2020-07-14T07:24:06.830Z - info: [3:24:06 PM] Reload for file change: C:\repos\nus-cs2103-AY2021S1\cs2103-website\admin\moduleOverview.md
2020-07-14T07:24:07.834Z - info: Rebuilding 4 pages
2020-07-14T07:24:10.678Z - info: Pages rebuilt
2020-07-14T07:24:10.678Z - info: Website regeneration complete! Total build time: 2.846s
2020-07-14T07:24:10.700Z - info: Site data built
2020-07-14T07:24:10.799Z - debug:  
2020-07-14T07:24:32.546Z - info: [3:24:32 PM] Reload for file change: C:\repos\nus-cs2103-AY2021S1\cs2103-website\admin\moduleOverview.md
2020-07-14T07:24:33.562Z - info: Rebuilding 4 pages
2020-07-14T07:24:35.956Z - info: Pages rebuilt
2020-07-14T07:24:35.956Z - info: Website regeneration complete! Total build time: 2.398s
2020-07-14T07:24:35.976Z - info: Site data built
2020-07-14T07:24:36.309Z - debug:  
2020-07-14T07:25:09.429Z - info: [3:25:09 PM] Reload for file change: C:\repos\nus-cs2103-AY2021S1\cs2103-website\admin\moduleOverview.md
2020-07-14T07:25:10.439Z - info: Rebuilding 4 pages
2020-07-14T07:25:12.703Z - info: Pages rebuilt
2020-07-14T07:25:12.703Z - info: Website regeneration complete! Total build time: 2.27s
2020-07-14T07:25:12.747Z - info: Site data built
2020-07-14T07:25:13.205Z - debug:  
2020-07-14T07:25:41.151Z - info: [3:25:41 PM] Reload for file change: C:\repos\nus-cs2103-AY2021S1\cs2103-website\admin\moduleOverview.md
2020-07-14T07:25:42.158Z - info: Rebuilding 4 pages
2020-07-14T07:25:44.728Z - info: Pages rebuilt
2020-07-14T07:25:44.728Z - info: Website regeneration complete! Total build time: 2.574s
2020-07-14T07:25:44.767Z - info: Site data built
2020-07-14T07:25:45.074Z - debug:  
2020-07-14T07:25:54.835Z - info: [3:25:54 PM] Reload for file change: C:\repos\nus-cs2103-AY2021S1\cs2103-website\admin\moduleOverview.md
2020-07-14T07:25:55.852Z - info: Rebuilding 4 pages
2020-07-14T07:25:58.090Z - info: Pages rebuilt
2020-07-14T07:25:58.091Z - info: Website regeneration complete! Total build time: 2.241s
2020-07-14T07:25:58.129Z - info: Site data built
2020-07-14T07:25:58.587Z - debug:  
2020-07-14T07:26:16.769Z - info: [3:26:16 PM] Reload for file change: C:\repos\nus-cs2103-AY2021S1\cs2103-website\admin\moduleOverview.md
2020-07-14T07:26:17.787Z - info: Rebuilding 4 pages
2020-07-14T07:26:20.013Z - info: Pages rebuilt
2020-07-14T07:26:20.014Z - info: Website regeneration complete! Total build time: 2.231s
2020-07-14T07:26:20.058Z - info: Site data built
2020-07-14T07:26:20.674Z - debug:  
2020-07-14T07:26:50.975Z - info: [3:26:50 PM] Reload for file change: C:\repos\nus-cs2103-AY2021S1\cs2103-website\admin\moduleOverview.md
2020-07-14T07:26:51.988Z - info: Rebuilding 4 pages
2020-07-14T07:26:54.333Z - info: Pages rebuilt
2020-07-14T07:26:54.333Z - info: Website regeneration complete! Total build time: 2.35s
2020-07-14T07:26:54.350Z - info: Site data built
2020-07-14T07:26:54.698Z - debug:  
2020-07-14T07:28:18.261Z - info: [3:28:18 PM] Reload for file change: C:\repos\nus-cs2103-AY2021S1\cs2103-website\admin\moduleOverview.md
2020-07-14T07:28:19.274Z - info: Rebuilding 4 pages
2020-07-14T07:28:21.757Z - info: Pages rebuilt
2020-07-14T07:28:21.758Z - info: Website regeneration complete! Total build time: 2.486s
2020-07-14T07:28:21.784Z - info: Site data built
2020-07-14T07:28:22.161Z - debug:  
2020-07-14T07:28:31.956Z - info: [3:28:31 PM] Reload for file change: C:\repos\nus-cs2103-AY2021S1\cs2103-website\admin\moduleOverview.md
2020-07-14T07:28:32.966Z - info: Rebuilding 4 pages
2020-07-14T07:28:35.388Z - info: Pages rebuilt
2020-07-14T07:28:35.388Z - info: Website regeneration complete! Total build time: 2.426s
2020-07-14T07:28:35.413Z - info: Site data built
2020-07-14T07:28:35.616Z - debug:  
2020-07-14T07:28:59.052Z - info: [3:28:59 PM] Reload for file change: C:\repos\nus-cs2103-AY2021S1\cs2103-website\admin\moduleOverview.md
2020-07-14T07:29:00.060Z - info: Rebuilding 4 pages
2020-07-14T07:29:02.228Z - info: Pages rebuilt
2020-07-14T07:29:02.228Z - info: Website regeneration complete! Total build time: 2.171s
2020-07-14T07:29:02.344Z - info: Site data built
2020-07-14T07:29:02.931Z - debug:  
2020-07-14T07:29:59.488Z - info: [3:29:59 PM] Reload for file change: C:\repos\nus-cs2103-AY2021S1\cs2103-website\admin\moduleOverview.md
2020-07-14T07:30:00.500Z - info: Rebuilding 4 pages
2020-07-14T07:30:03.230Z - info: Pages rebuilt
2020-07-14T07:30:03.230Z - info: Website regeneration complete! Total build time: 2.738s
2020-07-14T07:30:03.257Z - info: Site data built
2020-07-14T07:30:04.143Z - debug:  
2020-07-14T07:43:23.710Z - info: [3:43:23 PM] Reload for file change: C:\repos\nus-cs2103-AY2021S1\cs2103-website\admin\tp-expectations.md
2020-07-14T07:43:23.722Z - info: [3:43:23 PM] Reload for file change: C:\repos\nus-cs2103-AY2021S1\cs2103-website\admin\ip-tasks.mbdf
2020-07-14T07:43:23.728Z - info: [3:43:23 PM] Reload for file change: C:\repos\nus-cs2103-AY2021S1\cs2103-website\admin\appendixE-gitHub.md
2020-07-14T07:43:23.748Z - info: [3:43:23 PM] Reload for file change: C:\repos\nus-cs2103-AY2021S1\cs2103-website\admin\tp-grading.md
2020-07-14T07:43:23.759Z - info: [3:43:23 PM] Reload for file change: C:\repos\nus-cs2103-AY2021S1\cs2103-website\_markbind\variables.md
2020-07-14T07:43:23.759Z - info: [3:43:23 PM] Reload for file change: C:\repos\nus-cs2103-AY2021S1\cs2103-website\admin\tp-deliverables-dg.mbdf
2020-07-14T07:43:24.864Z - warn: Rebuilding all pages as variables file was changed, or the --force-reload flag was set
2020-07-14T07:43:24.867Z - info: Rebuilding 773 pages
2020-07-14T07:43:33.969Z - debug: The process cannot access the file because it is being used by another process.

2020-07-14T07:43:33.970Z - debug: The process cannot access the file because it is being used by another process.

2020-07-14T07:43:35.309Z - debug:  
2020-07-14T07:43:35.309Z - debug:  
2020-07-14T07:43:35.309Z - debug: The process cannot access the file because it is being used by another process.

2020-07-14T07:43:35.309Z - debug:  
2020-07-14T07:43:35.309Z - debug:  
2020-07-14T07:43:41.312Z - debug:  
2020-07-14T07:43:41.313Z - debug: The process cannot access the file because it is being used by another process.

2020-07-14T07:43:41.313Z - debug: The process cannot access the file because it is being used by another process.

2020-07-14T07:43:41.315Z - debug:  
2020-07-14T07:43:42.949Z - debug:  
2020-07-14T07:43:42.950Z - debug: The process cannot access the file because it is being used by another process.

2020-07-14T07:43:42.951Z - debug: The process cannot access the file because it is being used by another process.

2020-07-14T07:43:43.652Z - debug:  
2020-07-14T07:43:43.652Z - debug:  
2020-07-14T07:43:43.655Z - debug: The process cannot access the file because it is being used by another process.

2020-07-14T07:43:43.655Z - debug: The process cannot access the file because it is being used by another process.

2020-07-14T07:43:47.331Z - debug:  
2020-07-14T07:43:47.338Z - debug:  
2020-07-14T07:44:06.716Z - debug: The process cannot access the file because it is being used by another process.

2020-07-14T07:44:06.716Z - debug: The process cannot access the file because it is being used by another process.

2020-07-14T07:44:08.937Z - debug:  
2020-07-14T07:44:08.943Z - debug: The process cannot access the file because it is being used by another process.

2020-07-14T07:44:09.256Z - debug:  
2020-07-14T07:44:11.093Z - debug: The process cannot access the file because it is being used by another process.

2020-07-14T07:44:11.643Z - debug:  
2020-07-14T07:44:12.910Z - debug:  
2020-07-14T07:44:19.077Z - debug: The process cannot access the file because it is being used by another process.

2020-07-14T07:44:21.145Z - debug: The process cannot access the file because it is being used by another process.

2020-07-14T07:44:21.474Z - debug:  
2020-07-14T07:44:41.890Z - debug:  
2020-07-14T07:44:41.892Z - debug:  
2020-07-14T07:44:41.892Z - debug:  
2020-07-14T07:44:42.305Z - debug:  
2020-07-14T07:44:45.548Z - debug:  
2020-07-14T07:44:46.728Z - debug:  
2020-07-14T07:44:54.855Z - debug:  
2020-07-14T07:44:54.855Z - debug:  
2020-07-14T07:44:55.008Z - debug:  
2020-07-14T07:44:55.008Z - debug:  
2020-07-14T07:44:55.008Z - debug:  
2020-07-14T07:45:01.713Z - debug:  
2020-07-14T07:45:02.178Z - debug:  
2020-07-14T07:45:05.367Z - debug:  
2020-07-14T07:45:24.348Z - debug:  
2020-07-14T07:45:24.348Z - debug:  
2020-07-14T07:45:24.350Z - debug:  
2020-07-14T07:45:41.484Z - debug:  
2020-07-14T07:45:50.034Z - debug:  
2020-07-14T07:45:50.034Z - debug:  
2020-07-14T07:46:29.191Z - info: Pages rebuilt
2020-07-14T07:46:29.192Z - info: Website regeneration complete! Total build time: 184.476s
2020-07-14T07:46:29.216Z - debug:  
2020-07-14T07:46:29.226Z - info: Site data built
2020-07-14T07:48:42.209Z - info: [3:48:42 PM] Reload for file change: C:\repos\nus-cs2103-AY2021S1\cs2103-website\_markbind\variables.md
2020-07-14T07:48:43.463Z - warn: Rebuilding all pages as variables file was changed, or the --force-reload flag was set
2020-07-14T07:48:43.468Z - info: Rebuilding 773 pages
2020-07-14T07:48:54.693Z - debug: The process cannot access the file because it is being used by another process.

2020-07-14T07:48:54.694Z - debug: The process cannot access the file because it is being used by another process.

2020-07-14T07:48:57.989Z - debug:  
2020-07-14T07:48:57.990Z - debug:  
2020-07-14T07:48:57.990Z - debug:  
2020-07-14T07:48:57.991Z - debug:  
2020-07-14T07:49:04.783Z - debug: The process cannot access the file because it is being used by another process.

2020-07-14T07:49:04.783Z - debug: The process cannot access the file because it is being used by another process.

2020-07-14T07:49:04.784Z - debug: The process cannot access the file because it is being used by another process.

2020-07-14T07:49:04.784Z - debug: The process cannot access the file because it is being used by another process.

2020-07-14T07:49:04.786Z - debug:  
2020-07-14T07:49:04.786Z - debug:  
2020-07-14T07:49:04.961Z - debug:  
2020-07-14T07:49:05.006Z - debug:  
2020-07-14T07:49:07.769Z - debug: The process cannot access the file because it is being used by another process.

2020-07-14T07:49:07.770Z - debug: The process cannot access the file because it is being used by another process.

2020-07-14T07:49:07.770Z - debug: The process cannot access the file because it is being used by another process.

2020-07-14T07:49:07.770Z - debug: The process cannot access the file because it is being used by another process.

2020-07-14T07:49:09.621Z - debug:  
2020-07-14T07:49:09.801Z - debug:  
2020-07-14T07:49:21.932Z - info: [3:49:21 PM] Reload for file change: C:\repos\nus-cs2103-AY2021S1\cs2103-website\_markbind\variables.md
2020-07-14T08:04:55.237Z - info: Website generation started at 4:04:49 PM
2020-07-14T08:05:06.754Z - info: Building assets...
