2020-12-14T14:25:37.148Z - info: Website generation (lazy) started at 10:25:30 PM
2020-12-14T14:25:45.391Z - info: Building assets...
2020-12-14T14:25:51.598Z - info: Assets built
2020-12-14T14:25:51.599Z - info: Generating landing page...
2020-12-14T14:25:52.477Z - info: Landing page built, other pages will be built as you navigate to them!
2020-12-14T14:25:52.935Z - info: Site data built
2020-12-14T14:25:52.935Z - info: Website generation (lazy) complete! Total build time: 22.301s
2020-12-14T14:25:53.764Z - info: Serving "C:\repos\nus-cs2103-AY2021S1\cs2103-website\_site" at http://127.0.0.1:8080
2020-12-14T14:25:53.765Z - info: Press CTRL+C to stop ...
2020-12-14T14:27:14.004Z - info: Website generation (lazy) started at 10:27:11 PM
2020-12-14T14:27:22.673Z - info: Building assets...
2020-12-14T14:27:28.273Z - info: Assets built
2020-12-14T14:27:28.274Z - info: Generating landing page...
2020-12-14T14:27:29.273Z - warn: You might have an invalid intra-link! Ignore this warning if it was intended.
'/website/schedule/week14' found in file 'C:\repos\nus-cs2103-AY2021S1\cs2103-website\schedule\week13\index.md'
2020-12-14T14:27:29.402Z - info: Landing page built, other pages will be built as you navigate to them!
2020-12-14T14:27:29.869Z - info: Site data built
2020-12-14T14:27:29.869Z - info: Website generation (lazy) complete! Total build time: 18.474s
2020-12-14T14:27:31.026Z - info: Serving "C:\repos\nus-cs2103-AY2021S1\cs2103-website\_site" at http://127.0.0.1:8080
2020-12-14T14:27:31.026Z - info: Press CTRL+C to stop ...
2020-12-14T14:27:57.677Z - info: [10:27:57 PM] Reload for file change: C:\repos\nus-cs2103-AY2021S1\cs2103-website\_markbind\variables.md
2020-12-14T14:27:58.679Z - info: Assets built
2020-12-14T14:31:07.992Z - info: Website generation (lazy) started at 10:31:05 PM
2020-12-14T14:31:16.210Z - info: Building assets...
2020-12-14T14:31:21.589Z - info: Assets built
2020-12-14T14:31:21.589Z - info: Generating landing page...
2020-12-14T14:31:22.389Z - info: Landing page built, other pages will be built as you navigate to them!
2020-12-14T14:31:22.907Z - info: Site data built
2020-12-14T14:31:22.908Z - info: Website generation (lazy) complete! Total build time: 17.489s
2020-12-14T14:31:23.716Z - info: Serving "C:\repos\nus-cs2103-AY2021S1\cs2103-website\_site" at http://127.0.0.1:8080
2020-12-14T14:31:23.716Z - info: Press CTRL+C to stop ...
2020-12-14T14:32:56.857Z - info: Website generation (lazy) started at 10:32:53 PM
2020-12-14T14:33:05.462Z - info: Building assets...
2020-12-14T14:33:11.479Z - info: Assets built
2020-12-14T14:33:11.483Z - info: Generating landing page...
2020-12-14T14:33:12.871Z - warn: You might have an invalid intra-link! Ignore this warning if it was intended.
'/website/schedule/week14' found in file 'C:\repos\nus-cs2103-AY2021S1\cs2103-website\schedule\week13\index.md'
2020-12-14T14:33:13.138Z - info: Landing page built, other pages will be built as you navigate to them!
2020-12-14T14:33:13.664Z - info: Site data built
2020-12-14T14:33:13.664Z - info: Website generation (lazy) complete! Total build time: 20.171s
2020-12-14T14:33:14.572Z - info: Serving "C:\repos\nus-cs2103-AY2021S1\cs2103-website\_site" at http://127.0.0.1:8080
2020-12-14T14:33:14.573Z - info: Press CTRL+C to stop ...
2020-12-14T14:38:43.871Z - info: [10:38:43 PM] Reload for file change: C:\repos\nus-cs2103-AY2021S1\cs2103-website\_markbind\variables.md
2020-12-14T14:38:44.885Z - info: Assets built
2020-12-14T14:40:10.590Z - info: [10:40:10 PM] Reload for file change: C:\repos\nus-cs2103-AY2021S1\cs2103-website\_markbind\headers\header.md
2020-12-14T14:40:11.596Z - info: Rebuilding 1 pages
2020-12-14T14:40:12.787Z - warn: You might have an invalid intra-link! Ignore this warning if it was intended.
'/website/schedule/week14' found in file 'C:\repos\nus-cs2103-AY2021S1\cs2103-website\schedule\week13\index.md'
2020-12-14T14:40:12.899Z - info: Site data built
2020-12-14T14:40:12.900Z - info: Pages rebuilt
2020-12-14T14:40:12.900Z - info: Website regeneration complete! Total build time: 1.307s
2020-12-14T14:49:57.962Z - info: Website generation (lazy) started at 10:49:54 PM
2020-12-14T14:50:06.532Z - info: Building assets...
2020-12-14T14:50:12.183Z - info: Assets built
2020-12-14T14:50:12.183Z - info: Generating landing page...
2020-12-14T14:50:12.995Z - info: Landing page built, other pages will be built as you navigate to them!
2020-12-14T14:50:13.551Z - info: Site data built
2020-12-14T14:50:13.551Z - info: Website generation (lazy) complete! Total build time: 18.849s
2020-12-14T14:50:14.354Z - info: Serving "C:\repos\nus-cs2103-AY2021S1\cs2103-website\_site" at http://127.0.0.1:8080
2020-12-14T14:50:14.354Z - info: Press CTRL+C to stop ...
2020-12-14T14:53:49.776Z - info: Website generation (lazy) started at 10:53:46 PM
2020-12-14T14:53:58.808Z - info: Building assets...
2020-12-14T14:54:04.340Z - info: Assets built
2020-12-14T14:54:04.342Z - info: Generating landing page...
2020-12-14T14:54:05.203Z - info: Landing page built, other pages will be built as you navigate to them!
2020-12-14T14:54:05.301Z - info: Website generation (lazy) complete! Total build time: 18.769s
2020-12-14T14:54:06.123Z - info: Serving "C:\repos\nus-cs2103-AY2021S1\cs2103-website\_site" at http://127.0.0.1:8080
2020-12-14T14:54:06.123Z - info: Press CTRL+C to stop ...
2020-12-14T14:54:06.172Z - info: Site data built
2020-12-14T14:56:36.469Z - info: [10:56:36 PM] Reload for file change: C:\repos\nus-cs2103-AY2021S1\cs2103-website\_markbind\headers\header.md
2020-12-14T14:56:37.474Z - info: Rebuilding 1 pages
2020-12-14T14:56:38.066Z - info: Pages rebuilt
2020-12-14T14:56:38.066Z - info: Website regeneration complete! Total build time: 0.594s
2020-12-14T14:56:38.080Z - info: Site data built
2020-12-14T14:57:06.225Z - info: [10:57:06 PM] Reload for file change: C:\repos\nus-cs2103-AY2021S1\cs2103-website\_markbind\headers\header.md
2020-12-14T14:57:07.227Z - info: Rebuilding 1 pages
2020-12-14T14:57:07.630Z - info: Pages rebuilt
2020-12-14T14:57:07.631Z - info: Website regeneration complete! Total build time: 0.405s
2020-12-14T14:57:07.651Z - info: Site data built
2020-12-14T14:57:49.649Z - info: [10:57:49 PM] Reload for file change: C:\repos\nus-cs2103-AY2021S1\cs2103-website\_markbind\headers\header.md
2020-12-14T14:57:50.654Z - info: Rebuilding 1 pages
2020-12-14T14:57:51.171Z - info: Pages rebuilt
2020-12-14T14:57:51.171Z - info: Website regeneration complete! Total build time: 0.52s
2020-12-14T14:57:51.183Z - info: Site data built
2020-12-14T14:58:09.478Z - info: Website generation (lazy) started at 10:58:06 PM
2020-12-14T14:58:17.655Z - info: Building assets...
2020-12-14T14:58:23.005Z - info: Assets built
2020-12-14T14:58:23.006Z - info: Generating landing page...
2020-12-14T14:58:24.017Z - info: Landing page built, other pages will be built as you navigate to them!
2020-12-14T14:58:24.109Z - info: Website generation (lazy) complete! Total build time: 17.56s
2020-12-14T14:58:24.985Z - info: Serving "C:\repos\nus-cs2103-AY2021S1\cs2103-website\_site" at http://127.0.0.1:8080
2020-12-14T14:58:24.985Z - info: Press CTRL+C to stop ...
2020-12-14T14:58:25.049Z - info: Site data built
2020-12-14T15:00:32.367Z - info: [11:00:32 PM] Reload for file change: C:\repos\nus-cs2103-AY2021S1\cs2103-website\_markbind\headers\header.md
2020-12-14T15:00:33.375Z - info: Rebuilding 1 pages
2020-12-14T15:00:42.828Z - info: Website generation (lazy) started at 11:00:39 PM
2020-12-14T15:00:50.736Z - info: Building assets...
2020-12-14T15:00:56.362Z - info: Assets built
2020-12-14T15:00:56.363Z - info: Generating landing page...
2020-12-14T15:00:57.127Z - info: Landing page built, other pages will be built as you navigate to them!
2020-12-14T15:00:57.215Z - info: Website generation (lazy) complete! Total build time: 17.367s
2020-12-14T15:00:58.056Z - info: Serving "C:\repos\nus-cs2103-AY2021S1\cs2103-website\_site" at http://127.0.0.1:8080
2020-12-14T15:00:58.057Z - info: Press CTRL+C to stop ...
2020-12-14T15:00:58.140Z - info: Site data built
2020-12-14T15:01:44.465Z - info: [11:01:44 PM] Reload for file change: C:\repos\nus-cs2103-AY2021S1\cs2103-website\_markbind\headers\header.md
2020-12-14T15:01:45.470Z - info: Rebuilding 1 pages
2020-12-14T15:01:46.230Z - info: Pages rebuilt
2020-12-14T15:01:46.230Z - info: Website regeneration complete! Total build time: 0.761s
2020-12-14T15:01:46.246Z - info: Site data built
2020-12-14T15:02:17.387Z - info: [11:02:17 PM] Reload for file change: C:\repos\nus-cs2103-AY2021S1\cs2103-website\_markbind\variables.md
2020-12-14T15:02:18.525Z - warn: Rebuilding all pages as variables file was changed, or the --force-reload flag was set
2020-12-14T15:02:18.532Z - info: Rebuilding 1 pages
2020-12-14T15:02:26.650Z - info: Website generation (lazy) started at 11:02:24 PM
2020-12-14T15:02:34.809Z - info: Building assets...
2020-12-14T15:02:40.448Z - info: Assets built
2020-12-14T15:02:40.449Z - info: Generating landing page...
2020-12-14T15:02:41.511Z - info: Landing page built, other pages will be built as you navigate to them!
2020-12-14T15:02:41.602Z - info: Website generation (lazy) complete! Total build time: 17.406s
2020-12-14T15:02:42.407Z - info: Serving "C:\repos\nus-cs2103-AY2021S1\cs2103-website\_site" at http://127.0.0.1:8080
2020-12-14T15:02:42.408Z - info: Press CTRL+C to stop ...
2020-12-14T15:02:42.463Z - info: Site data built
2020-12-14T15:05:47.523Z - info: Website generation started at 11:05:47 PM
2020-12-14T15:05:55.455Z - info: Building assets...
2020-12-14T15:06:01.701Z - info: Assets built
2020-12-14T15:06:01.702Z - info: Generating pages...
2020-12-14T15:06:17.002Z - debug: The process cannot access the file because it is being used by another process.

2020-12-14T15:06:17.005Z - debug: The process cannot access the file because it is being used by another process.

2020-12-14T15:06:21.026Z - debug:  
2020-12-14T15:06:21.026Z - debug:  
2020-12-14T15:06:21.026Z - debug:  
2020-12-14T15:06:21.026Z - debug:  
2020-12-14T15:06:21.043Z - debug:  
2020-12-14T15:06:22.541Z - debug:  
2020-12-14T15:06:22.541Z - debug:  
2020-12-14T15:06:22.541Z - debug:  
2020-12-14T15:06:27.562Z - debug: The process cannot access the file because it is being used by another process.

2020-12-14T15:06:27.564Z - debug: The process cannot access the file because it is being used by another process.

2020-12-14T15:06:27.565Z - debug:  
2020-12-14T15:06:29.900Z - debug: The process cannot access the file because it is being used by another process.

2020-12-14T15:06:29.901Z - debug: The process cannot access the file because it is being used by another process.

2020-12-14T15:06:29.901Z - debug:  
2020-12-14T15:06:30.271Z - debug:  
2020-12-14T15:06:30.271Z - debug:  
2020-12-14T15:06:30.780Z - debug: The process cannot access the file because it is being used by another process.

2020-12-14T15:06:30.780Z - debug: The process cannot access the file because it is being used by another process.

2020-12-14T15:06:34.294Z - debug:  
2020-12-14T15:06:34.295Z - debug:  
2020-12-14T15:06:51.236Z - debug: The process cannot access the file because it is being used by another process.

2020-12-14T15:06:51.984Z - debug: The process cannot access the file because it is being used by another process.

2020-12-14T15:06:52.966Z - debug: The process cannot access the file because it is being used by another process.

2020-12-14T15:06:52.967Z - debug:  
2020-12-14T15:06:54.493Z - debug: The process cannot access the file because it is being used by another process.

2020-12-14T15:06:55.422Z - debug: The process cannot access the file because it is being used by another process.

2020-12-14T15:06:56.499Z - debug:  
2020-12-14T15:06:58.432Z - debug:  
2020-12-14T15:07:00.636Z - debug: The process cannot access the file because it is being used by another process.

2020-12-14T15:07:01.205Z - debug: The process cannot access the file because it is being used by another process.

2020-12-14T15:07:02.270Z - debug: The process cannot access the file because it is being used by another process.

2020-12-14T15:07:02.270Z - debug: The process cannot access the file because it is being used by another process.

2020-12-14T15:07:02.490Z - debug:  
2020-12-14T15:07:04.821Z - debug:  
2020-12-14T15:07:06.516Z - debug:  
2020-12-14T15:07:06.631Z - debug:  
2020-12-14T15:07:13.364Z - debug: The process cannot access the file because it is being used by another process.

2020-12-14T15:07:15.376Z - debug: The process cannot access the file because it is being used by another process.

2020-12-14T15:07:15.858Z - debug:  
2020-12-14T15:07:44.246Z - debug:  
2020-12-14T15:07:44.247Z - debug:  
2020-12-14T15:07:44.247Z - debug:  
2020-12-14T15:07:44.247Z - debug:  
2020-12-14T15:07:46.182Z - debug: The process cannot access the file because it is being used by another process.

2020-12-14T15:07:50.369Z - debug:  
2020-12-14T15:07:50.549Z - debug:  
2020-12-14T15:07:50.549Z - debug:  
2020-12-14T15:07:57.966Z - debug:  
2020-12-14T15:08:02.121Z - debug:  
2020-12-14T15:08:02.121Z - debug:  
2020-12-14T15:08:02.122Z - debug:  
2020-12-14T15:08:02.122Z - debug:  
2020-12-14T15:08:06.655Z - debug: The process cannot access the file because it is being used by another process.

2020-12-14T15:08:09.020Z - debug:  
2020-12-14T15:08:10.978Z - debug:  
2020-12-14T15:08:10.978Z - debug:  
2020-12-14T15:08:16.568Z - debug:  
2020-12-14T15:08:30.736Z - debug:  
2020-12-14T15:08:31.950Z - debug:  
2020-12-14T15:08:31.951Z - debug:  
2020-12-14T15:08:36.648Z - debug:  
2020-12-14T15:08:36.648Z - debug:  
2020-12-14T15:08:49.899Z - debug:  
2020-12-14T15:08:51.244Z - debug:  
2020-12-14T15:09:22.918Z - debug:  
2020-12-14T15:09:38.339Z - debug:  
2020-12-14T15:09:38.671Z - debug:  
2020-12-14T15:09:55.896Z - info: Pages built
2020-12-14T15:10:25.247Z - info: Website generation complete! Total build time: 277.743s
2020-12-14T15:10:26.559Z - info: Serving "C:\repos\nus-cs2103-AY2021S1\cs2103-website\_site" at http://127.0.0.1:8080
2020-12-14T15:10:26.559Z - info: Press CTRL+C to stop ...
2020-12-14T15:10:26.559Z - debug:  
2020-12-14T15:10:26.645Z - info: Site data built
2020-12-14T15:17:00.418Z - info: [11:17:00 PM] Reload for file change: C:\repos\nus-cs2103-AY2021S1\cs2103-website\_markbind\headers\header.md
2020-12-14T15:17:00.446Z - info: [11:17:00 PM] Reload for file change: C:\repos\nus-cs2103-AY2021S1\cs2103-website\_markbind\variables.md
2020-12-14T15:17:01.823Z - warn: Rebuilding all pages as variables file was changed, or the --force-reload flag was set
2020-12-14T15:17:01.827Z - info: Rebuilding 769 pages
2020-12-14T15:17:17.769Z - debug: The process cannot access the file because it is being used by another process.

2020-12-14T15:17:17.770Z - debug: The process cannot access the file because it is being used by another process.

2020-12-14T15:17:21.700Z - debug:  
2020-12-14T15:17:21.700Z - debug:  
2020-12-14T15:17:21.700Z - debug:  
2020-12-14T15:17:21.700Z - debug:  
2020-12-14T15:17:21.700Z - debug:  
2020-12-14T15:17:23.470Z - debug:  
2020-12-14T15:17:23.476Z - debug:  
2020-12-14T15:17:23.477Z - debug:  
2020-12-14T15:17:28.480Z - debug: The process cannot access the file because it is being used by another process.

2020-12-14T15:17:28.480Z - debug: The process cannot access the file because it is being used by another process.

2020-12-14T15:17:28.481Z - debug:  
2020-12-14T15:17:28.481Z - debug:  
2020-12-14T15:17:30.456Z - debug: The process cannot access the file because it is being used by another process.

2020-12-14T15:17:30.457Z - debug: The process cannot access the file because it is being used by another process.

2020-12-14T15:17:30.794Z - debug:  
2020-12-14T15:17:30.794Z - debug:  
2020-12-14T15:17:31.542Z - debug: The process cannot access the file because it is being used by another process.

2020-12-14T15:17:31.542Z - debug: The process cannot access the file because it is being used by another process.

2020-12-14T15:17:35.348Z - debug:  
2020-12-14T15:17:35.348Z - debug:  
2020-12-14T15:17:52.552Z - debug: The process cannot access the file because it is being used by another process.

2020-12-14T15:17:53.717Z - debug: The process cannot access the file because it is being used by another process.

2020-12-14T15:17:55.119Z - debug: The process cannot access the file because it is being used by another process.

2020-12-14T15:17:55.144Z - debug:  
2020-12-14T15:17:58.446Z - debug: The process cannot access the file because it is being used by another process.

2020-12-14T15:17:59.294Z - debug: The process cannot access the file because it is being used by another process.

2020-12-14T15:23:16.537Z - info: Website generation started at 11:23:10 PM
2020-12-14T15:23:30.097Z - info: Building assets...
2020-12-14T15:23:37.426Z - info: Assets built
2020-12-14T15:23:37.427Z - info: Generating pages...
2020-12-14T15:23:53.880Z - debug: The process cannot access the file because it is being used by another process.

2020-12-14T15:23:53.881Z - debug: The process cannot access the file because it is being used by another process.

2020-12-14T15:23:58.291Z - debug:  
2020-12-14T15:23:58.291Z - debug:  
2020-12-14T15:23:58.293Z - debug:  
2020-12-14T15:23:58.295Z - debug:  
2020-12-14T15:23:58.296Z - debug:  
2020-12-14T15:24:04.398Z - debug: The process cannot access the file because it is being used by another process.

2020-12-14T15:24:04.399Z - debug: The process cannot access the file because it is being used by another process.

2020-12-14T15:24:04.399Z - debug: The process cannot access the file because it is being used by another process.

2020-12-14T15:24:04.399Z - debug: The process cannot access the file because it is being used by another process.

2020-12-14T15:24:04.400Z - debug:  
2020-12-14T15:24:04.400Z - debug:  
2020-12-14T15:24:04.400Z - debug:  
2020-12-14T15:24:04.400Z - debug:  
2020-12-14T15:24:04.401Z - debug:  
2020-12-14T15:24:07.347Z - debug: The process cannot access the file because it is being used by another process.

2020-12-14T15:24:07.348Z - debug: The process cannot access the file because it is being used by another process.

2020-12-14T15:24:07.981Z - debug: The process cannot access the file because it is being used by another process.

2020-12-14T15:24:07.982Z - debug: The process cannot access the file because it is being used by another process.

2020-12-14T15:24:08.858Z - debug:  
2020-12-14T15:24:08.891Z - debug:  
2020-12-14T15:24:24.884Z - debug: The process cannot access the file because it is being used by another process.

2020-12-14T15:24:25.730Z - debug: The process cannot access the file because it is being used by another process.

2020-12-14T15:24:26.786Z - debug: The process cannot access the file because it is being used by another process.

2020-12-14T15:24:26.786Z - debug:  
2020-12-14T15:24:28.619Z - debug: The process cannot access the file because it is being used by another process.

2020-12-14T15:24:29.323Z - debug: The process cannot access the file because it is being used by another process.

2020-12-14T15:24:30.305Z - debug:  
2020-12-14T15:24:32.143Z - debug:  
2020-12-14T15:24:35.391Z - debug: The process cannot access the file because it is being used by another process.

2020-12-14T15:24:35.545Z - debug: The process cannot access the file because it is being used by another process.

2020-12-14T15:24:36.816Z - debug: The process cannot access the file because it is being used by another process.

2020-12-14T15:24:36.816Z - debug: The process cannot access the file because it is being used by another process.

2020-12-14T15:24:36.856Z - debug:  
2020-12-14T15:24:39.206Z - debug:  
2020-12-14T15:24:40.987Z - debug:  
2020-12-14T15:24:41.175Z - debug:  
2020-12-14T15:24:48.194Z - debug: The process cannot access the file because it is being used by another process.

2020-12-14T15:24:50.514Z - debug: The process cannot access the file because it is being used by another process.

2020-12-14T15:24:50.765Z - debug:  
2020-12-14T15:25:15.573Z - debug:  
2020-12-14T15:25:15.575Z - debug:  
2020-12-14T15:25:15.575Z - debug:  
2020-12-14T15:25:15.575Z - debug:  
2020-12-14T15:25:17.302Z - debug: The process cannot access the file because it is being used by another process.

2020-12-14T15:25:21.194Z - debug:  
2020-12-14T15:25:21.338Z - debug:  
2020-12-14T15:25:21.338Z - debug:  
2020-12-14T15:25:32.323Z - debug:  
2020-12-14T15:25:33.381Z - debug:  
2020-12-14T15:25:33.381Z - debug:  
2020-12-14T15:25:33.381Z - debug:  
2020-12-14T15:25:33.384Z - debug:  
2020-12-14T15:25:37.472Z - debug: The process cannot access the file because it is being used by another process.

2020-12-14T15:25:39.858Z - debug:  
2020-12-14T15:25:41.884Z - debug:  
2020-12-14T15:25:41.884Z - debug:  
2020-12-14T15:25:46.864Z - debug:  
2020-12-14T15:25:59.673Z - debug:  
2020-12-14T15:26:00.962Z - debug:  
2020-12-14T15:26:00.962Z - debug:  
2020-12-14T15:26:05.126Z - debug:  
2020-12-14T15:26:05.126Z - debug:  
2020-12-14T15:26:23.546Z - debug:  
2020-12-14T15:26:23.547Z - debug:  
2020-12-14T15:26:58.401Z - debug:  
2020-12-14T15:27:15.268Z - debug:  
2020-12-14T15:27:15.268Z - debug:  
2020-12-14T15:27:27.687Z - info: Pages built
2020-12-14T15:27:59.943Z - info: Website generation complete! Total build time: 289.193s
2020-12-14T15:28:00.807Z - info: Serving "C:\repos\nus-cs2103-AY2021S1\cs2103-website\_site" at http://127.0.0.1:8080
2020-12-14T15:28:00.808Z - info: Press CTRL+C to stop ...
2020-12-14T15:28:00.808Z - debug:  
2020-12-14T15:28:00.879Z - info: Site data built
2020-12-14T15:30:58.079Z - info: Deployed!
2020-12-14T15:33:46.325Z - info: Website generation started at 11:33:39 PM
2020-12-14T15:34:02.802Z - info: Building assets...
2020-12-14T15:34:10.881Z - info: Assets built
2020-12-14T15:34:10.884Z - info: Generating pages...
2020-12-14T15:34:29.352Z - debug: The process cannot access the file because it is being used by another process.

2020-12-14T15:34:29.353Z - debug: The process cannot access the file because it is being used by another process.

2020-12-14T15:34:30.330Z - debug: The process cannot access the file because it is being used by another process.

2020-12-14T15:34:30.330Z - debug: The process cannot access the file because it is being used by another process.

2020-12-14T15:34:30.331Z - debug:  
2020-12-14T15:34:30.331Z - debug:  
2020-12-14T15:34:30.331Z - debug:  
2020-12-14T15:34:30.332Z - debug:  
2020-12-14T15:34:30.332Z - debug:  
2020-12-14T15:34:35.529Z - debug: The process cannot access the file because it is being used by another process.

2020-12-14T15:34:35.530Z - debug: The process cannot access the file because it is being used by another process.

2020-12-14T15:34:35.532Z - debug:  
2020-12-14T15:34:36.997Z - debug:  
2020-12-14T15:34:36.998Z - debug: The process cannot access the file because it is being used by another process.

2020-12-14T15:34:36.998Z - debug: The process cannot access the file because it is being used by another process.

2020-12-14T15:34:37.323Z - debug:  
2020-12-14T15:34:37.404Z - debug:  
2020-12-14T15:34:37.715Z - debug: The process cannot access the file because it is being used by another process.

2020-12-14T15:34:37.716Z - debug: The process cannot access the file because it is being used by another process.

2020-12-14T15:34:41.000Z - debug:  
2020-12-14T15:34:41.121Z - debug:  
2020-12-14T15:34:55.680Z - debug: The process cannot access the file because it is being used by another process.

2020-12-14T15:34:56.270Z - debug: The process cannot access the file because it is being used by another process.

2020-12-14T15:34:57.274Z - debug: The process cannot access the file because it is being used by another process.

2020-12-14T15:34:57.359Z - debug:  
2020-12-14T15:34:58.991Z - debug: The process cannot access the file because it is being used by another process.

2020-12-14T15:34:59.731Z - debug: The process cannot access the file because it is being used by another process.

2020-12-14T15:35:01.088Z - debug:  
2020-12-14T15:35:03.066Z - debug:  
2020-12-14T15:35:05.311Z - debug: The process cannot access the file because it is being used by another process.

2020-12-14T15:35:05.793Z - debug: The process cannot access the file because it is being used by another process.

2020-12-14T15:35:07.145Z - debug: The process cannot access the file because it is being used by another process.

2020-12-14T15:35:07.145Z - debug: The process cannot access the file because it is being used by another process.

2020-12-14T15:35:07.358Z - debug:  
2020-12-14T15:35:09.736Z - debug:  
2020-12-14T15:35:11.455Z - debug:  
2020-12-14T15:35:11.550Z - debug:  
2020-12-14T15:35:17.901Z - debug: The process cannot access the file because it is being used by another process.

2020-12-14T15:35:19.740Z - debug: The process cannot access the file because it is being used by another process.

2020-12-14T15:35:20.204Z - debug:  
2020-12-14T15:35:43.632Z - debug:  
2020-12-14T15:35:43.753Z - debug:  
2020-12-14T15:35:43.754Z - debug:  
2020-12-14T15:35:43.754Z - debug:  
2020-12-14T15:35:49.199Z - debug:  
2020-12-14T15:35:49.308Z - debug:  
2020-12-14T15:35:50.480Z - debug:  
2020-12-14T15:35:59.266Z - debug:  
2020-12-14T15:35:59.266Z - debug:  
2020-12-14T15:35:59.266Z - debug:  
2020-12-14T15:35:59.267Z - debug:  
2020-12-14T15:35:59.267Z - debug:  
2020-12-14T15:36:05.435Z - debug: The process cannot access the file because it is being used by another process.

2020-12-14T15:36:06.527Z - debug:  
2020-12-14T15:36:07.655Z - debug:  
2020-12-14T15:36:07.656Z - debug:  
2020-12-14T15:36:12.373Z - debug:  
2020-12-14T15:36:20.541Z - debug:  
2020-12-14T15:36:27.476Z - debug:  
2020-12-14T15:36:35.228Z - debug:  
2020-12-14T15:36:35.228Z - debug:  
2020-12-14T15:36:39.649Z - info: Pages built
2020-12-14T15:37:05.466Z - info: Website generation complete! Total build time: 205.534s
2020-12-14T15:37:05.468Z - info: Build success!
2020-12-14T15:37:05.471Z - info: Site data built
2020-12-14T15:38:12.069Z - info: Deployed!
2020-12-14T15:39:49.540Z - info: Website generation (lazy) started at 11:39:43 PM
2020-12-14T15:40:00.856Z - info: Building assets...
2020-12-14T15:40:08.601Z - info: Assets built
2020-12-14T15:40:08.601Z - info: Generating landing page...
2020-12-14T15:40:09.441Z - info: Landing page built, other pages will be built as you navigate to them!
2020-12-14T15:40:09.992Z - info: Site data built
2020-12-14T15:40:09.992Z - info: Website generation (lazy) complete! Total build time: 26.759s
2020-12-14T15:40:11.327Z - info: Serving "C:\repos\nus-cs2103-AY2021S1\cs2103-website\_site" at http://127.0.0.1:8080
2020-12-14T15:40:11.327Z - info: Press CTRL+C to stop ...
2020-12-14T15:51:01.092Z - info: Website generation started at 11:50:57 PM
2020-12-14T15:51:16.729Z - info: Building assets...
