2020-10-05T16:01:29.533Z - info: [12:01:29 AM] Reload for file change: C:\repos\nus-cs2103-AY2021S1\cs2103-website\admin\common-commentary.mbdf
2020-10-05T16:01:30.588Z - info: Rebuilding 1 pages
2020-10-05T16:01:36.091Z - info: [12:01:36 AM] Reload for file change: C:\repos\nus-cs2103-AY2021S1\cs2103-website\schedule\week8\commentary-tic2002.mbdf
2020-10-05T16:01:36.111Z - debug:  
2020-10-05T16:01:37.495Z - info: Pages rebuilt
2020-10-05T16:01:37.496Z - info: Website regeneration complete! Total build time: 6.912s
2020-10-05T16:01:37.517Z - info: Rebuilding 1 pages
2020-10-05T16:01:37.538Z - info: Site data built
2020-10-05T16:01:40.891Z - info: Pages rebuilt
2020-10-05T16:01:40.891Z - info: Website regeneration complete! Total build time: 3.38s
2020-10-05T16:01:40.911Z - info: Site data built
2020-10-05T16:01:41.261Z - debug:  
2020-10-05T16:02:35.078Z - info: [12:02:35 AM] Reload for file change: C:\repos\nus-cs2103-AY2021S1\cs2103-website\schedule\week8\commentary-tic2002.mbdf
2020-10-05T16:02:36.086Z - info: Rebuilding 1 pages
2020-10-05T16:02:39.814Z - info: Pages rebuilt
2020-10-05T16:02:39.815Z - info: Website regeneration complete! Total build time: 3.731s
2020-10-05T16:02:39.853Z - debug:  
2020-10-05T16:02:39.874Z - info: Site data built
2020-10-05T16:03:09.508Z - info: [12:03:09 AM] Reload for file change: C:\repos\nus-cs2103-AY2021S1\cs2103-website\schedule\week8\commentary-tic2002.mbdf
2020-10-05T16:03:10.520Z - info: Rebuilding 1 pages
2020-10-05T16:03:13.443Z - info: Pages rebuilt
2020-10-05T16:03:13.443Z - info: Website regeneration complete! Total build time: 2.925s
2020-10-05T16:03:13.456Z - info: Site data built
2020-10-05T16:03:13.938Z - debug:  
2020-10-05T16:03:34.419Z - info: [12:03:34 AM] Reload for file change: C:\repos\nus-cs2103-AY2021S1\cs2103-website\schedule\week8\commentary-tic2002.mbdf
2020-10-05T16:03:36.352Z - info: Rebuilding 1 pages
2020-10-05T16:03:37.221Z - error:  Error: No such segment 'java-javadocs' in file: C:\repos\nus-cs2103-AY2021S1\cs2103-website\admin\common-commentary.mbdf
Missing reference in C:\repos\nus-cs2103-AY2021S1\cs2103-website\schedule\week8\commentary-box.md
    at _preprocessInclude (C:\Users\damithch\AppData\Roaming\npm\node_modules\markbind-cli\node_modules\@markbind\core\src\preprocessors\componentPreprocessor.js:264:21)
    at preProcessComponent (C:\Users\damithch\AppData\Roaming\npm\node_modules\markbind-cli\node_modules\@markbind\core\src\preprocessors\componentPreprocessor.js:349:12)
    at C:\Users\damithch\AppData\Roaming\npm\node_modules\markbind-cli\node_modules\@markbind\core\src\preprocessors\componentPreprocessor.js:356:52
    at Array.map (<anonymous>)
    at preProcessComponent (C:\Users\damithch\AppData\Roaming\npm\node_modules\markbind-cli\node_modules\@markbind\core\src\preprocessors\componentPreprocessor.js:356:43)
    at C:\Users\damithch\AppData\Roaming\npm\node_modules\markbind-cli\node_modules\@markbind\core\src\preprocessors\componentPreprocessor.js:356:52
    at Array.map (<anonymous>)
    at preProcessComponent (C:\Users\damithch\AppData\Roaming\npm\node_modules\markbind-cli\node_modules\@markbind\core\src\preprocessors\componentPreprocessor.js:356:43)
    at C:\Users\damithch\AppData\Roaming\npm\node_modules\markbind-cli\node_modules\@markbind\core\src\preprocessors\componentPreprocessor.js:356:52
    at Array.map (<anonymous>)
    at preProcessComponent (C:\Users\damithch\AppData\Roaming\npm\node_modules\markbind-cli\node_modules\@markbind\core\src\preprocessors\componentPreprocessor.js:356:43)
    at C:\Users\damithch\AppData\Roaming\npm\node_modules\markbind-cli\node_modules\@markbind\core\src\preprocessors\componentPreprocessor.js:298:50
    at Array.map (<anonymous>)
    at _preprocessInclude (C:\Users\damithch\AppData\Roaming\npm\node_modules\markbind-cli\node_modules\@markbind\core\src\preprocessors\componentPreprocessor.js:298:41)
    at preProcessComponent (C:\Users\damithch\AppData\Roaming\npm\node_modules\markbind-cli\node_modules\@markbind\core\src\preprocessors\componentPreprocessor.js:349:12)
    at C:\Users\damithch\AppData\Roaming\npm\node_modules\markbind-cli\node_modules\@markbind\core\src\preprocessors\componentPreprocessor.js:356:52
2020-10-05T16:03:39.575Z - info: Pages rebuilt
2020-10-05T16:03:39.575Z - info: Website regeneration complete! Total build time: 3.226s
2020-10-05T16:03:39.591Z - info: Site data built
2020-10-05T16:03:40.316Z - debug:  
2020-10-05T16:04:09.909Z - info: [12:04:09 AM] Reload for file change: C:\repos\nus-cs2103-AY2021S1\cs2103-website\admin\common-commentary.mbdf
2020-10-05T16:04:10.916Z - info: Rebuilding 1 pages
2020-10-05T16:04:14.022Z - info: Pages rebuilt
2020-10-05T16:04:14.023Z - info: Website regeneration complete! Total build time: 3.109s
2020-10-05T16:04:14.038Z - info: Site data built
2020-10-05T16:04:14.491Z - debug:  
2020-10-05T16:05:11.941Z - info: [12:05:11 AM] Reload for file change: C:\repos\nus-cs2103-AY2021S1\cs2103-website\admin\common-commentary.mbdf
2020-10-05T16:05:12.947Z - info: Rebuilding 1 pages
2020-10-05T16:05:16.275Z - info: Pages rebuilt
2020-10-05T16:05:16.276Z - info: Website regeneration complete! Total build time: 3.331s
2020-10-05T16:05:16.328Z - info: Site data built
2020-10-05T16:05:16.329Z - debug:  
2020-10-05T16:05:36.878Z - info: [12:05:36 AM] Reload for file change: C:\repos\nus-cs2103-AY2021S1\cs2103-website\schedule\week8\commentary-tic2002.mbdf
2020-10-05T16:05:37.880Z - info: Rebuilding 1 pages
2020-10-05T16:05:41.048Z - info: Pages rebuilt
2020-10-05T16:05:41.048Z - info: Website regeneration complete! Total build time: 3.17s
2020-10-05T16:05:41.070Z - info: Site data built
2020-10-05T16:05:41.413Z - debug:  
2020-10-05T16:08:06.843Z - info: [12:08:06 AM] Reload for file change: C:\repos\nus-cs2103-AY2021S1\cs2103-website\admin\common-commentary.mbdf
2020-10-05T16:08:07.848Z - info: Rebuilding 1 pages
2020-10-05T16:08:11.411Z - info: Pages rebuilt
2020-10-05T16:08:11.411Z - info: Website regeneration complete! Total build time: 3.565s
2020-10-05T16:08:11.448Z - debug:  
2020-10-05T16:08:11.466Z - info: Site data built
2020-10-05T16:10:36.777Z - info: Building C:\repos\nus-cs2103-AY2021S1\cs2103-website\schedule\week8\admin as some of its dependencies were changed since the last visit
2020-10-05T16:10:40.966Z - info: Site data built
2020-10-05T16:10:40.972Z - info: Lazy website regeneration complete! Total build time: 4.195s
2020-10-05T16:16:11.031Z - info: Website generation started at 12:16:07 AM
2020-10-05T16:16:23.043Z - info: Building assets...
2020-10-05T16:16:30.835Z - info: Assets built
2020-10-05T16:16:30.836Z - info: Generating pages...
2020-10-05T16:16:47.938Z - debug: The process cannot access the file because it is being used by another process.

2020-10-05T16:16:47.939Z - debug: The process cannot access the file because it is being used by another process.

2020-10-05T16:16:49.319Z - debug: The process cannot access the file because it is being used by another process.

2020-10-05T16:16:49.320Z - debug: The process cannot access the file because it is being used by another process.

2020-10-05T16:16:49.321Z - debug:  
2020-10-05T16:16:49.321Z - debug:  
2020-10-05T16:16:49.321Z - debug:  
2020-10-05T16:16:49.322Z - debug:  
2020-10-05T16:16:49.323Z - debug:  
2020-10-05T16:16:55.839Z - debug: The process cannot access the file because it is being used by another process.

2020-10-05T16:16:55.840Z - debug: The process cannot access the file because it is being used by another process.

2020-10-05T16:16:55.840Z - debug:  
2020-10-05T16:16:57.659Z - debug:  
2020-10-05T16:16:57.660Z - debug: The process cannot access the file because it is being used by another process.

2020-10-05T16:16:57.660Z - debug: The process cannot access the file because it is being used by another process.

2020-10-05T16:16:58.103Z - debug:  
2020-10-05T16:16:58.103Z - debug:  
2020-10-05T16:16:58.676Z - debug: The process cannot access the file because it is being used by another process.

2020-10-05T16:16:58.697Z - debug: The process cannot access the file because it is being used by another process.

2020-10-05T16:17:03.069Z - debug:  
2020-10-05T16:17:03.069Z - debug:  
2020-10-05T16:17:23.299Z - debug: The process cannot access the file because it is being used by another process.

2020-10-05T16:17:23.301Z - debug: The process cannot access the file because it is being used by another process.

2020-10-05T16:17:24.084Z - debug: The process cannot access the file because it is being used by another process.

2020-10-05T16:17:24.084Z - debug:  
2020-10-05T16:17:25.456Z - debug: The process cannot access the file because it is being used by another process.

2020-10-05T16:17:26.311Z - debug: The process cannot access the file because it is being used by another process.

2020-10-05T16:17:27.723Z - debug:  
2020-10-05T16:17:29.100Z - debug:  
2020-10-05T16:17:31.349Z - debug: The process cannot access the file because it is being used by another process.

2020-10-05T16:17:31.995Z - debug: The process cannot access the file because it is being used by another process.

2020-10-05T16:17:33.144Z - debug: The process cannot access the file because it is being used by another process.

2020-10-05T16:17:33.145Z - debug: The process cannot access the file because it is being used by another process.

2020-10-05T16:17:33.578Z - debug:  
2020-10-05T16:17:33.580Z - debug:  
2020-10-05T16:17:38.237Z - debug:  
2020-10-05T16:17:38.365Z - debug:  
2020-10-05T16:17:45.185Z - debug: The process cannot access the file because it is being used by another process.

2020-10-05T16:17:47.029Z - debug: The process cannot access the file because it is being used by another process.

2020-10-05T16:17:47.182Z - debug:  
2020-10-05T16:18:14.120Z - debug:  
2020-10-05T16:18:14.121Z - debug:  
2020-10-05T16:18:14.122Z - debug:  
2020-10-05T16:18:14.122Z - debug:  
2020-10-05T16:18:19.477Z - debug:  
2020-10-05T16:18:19.479Z - debug:  
2020-10-05T16:18:19.633Z - debug:  
2020-10-05T16:18:29.974Z - debug:  
2020-10-05T16:18:29.975Z - debug:  
2020-10-05T16:18:29.975Z - debug:  
2020-10-05T16:18:29.975Z - debug:  
2020-10-05T16:18:29.975Z - debug:  
2020-10-05T16:18:34.945Z - debug: The process cannot access the file because it is being used by another process.

2020-10-05T16:18:37.998Z - debug:  
2020-10-05T16:18:40.508Z - debug:  
2020-10-05T16:18:40.508Z - debug:  
2020-10-05T16:18:44.923Z - debug:  
2020-10-05T16:18:51.836Z - debug:  
2020-10-05T16:18:57.306Z - debug:  
2020-10-05T16:19:06.603Z - debug:  
2020-10-05T16:19:06.603Z - debug:  
2020-10-05T16:19:11.803Z - info: Pages built
2020-10-05T16:20:16.212Z - info: Website generation complete! Total build time: 248.665s
2020-10-05T16:20:16.213Z - info: Build success!
2020-10-05T16:20:16.233Z - info: Site data built
2020-10-05T16:21:12.020Z - info: Deployed!
2020-10-06T03:02:47.979Z - info: Website generation (lazy) started at 11:02:41 AM
2020-10-06T03:03:13.676Z - info: Building assets...
2020-10-06T03:03:42.715Z - info: Assets built
2020-10-06T03:03:42.717Z - info: Generating landing page...
2020-10-06T03:03:46.286Z - info: Landing page built, other pages will be built as you navigate to them!
2020-10-06T03:03:46.776Z - info: Website generation (lazy) complete! Total build time: 65.223s
2020-10-06T03:03:48.437Z - info: Serving "C:\repos\nus-cs2103-AY2021S1\cs2103-website\_site" at http://127.0.0.1:8080
2020-10-06T03:03:48.437Z - info: Press CTRL+C to stop ...
2020-10-06T03:03:48.504Z - info: Site data built
2020-10-06T03:04:14.257Z - info: Website generation started at 11:04:10 AM
2020-10-06T03:04:23.147Z - info: Building assets...
