2020-09-02T06:55:57.099Z - info: Website generation (lazy) started at 2:55:47 PM
2020-09-02T06:56:11.585Z - info: Building assets...
2020-09-02T06:56:19.887Z - info: Assets built
2020-09-02T06:56:19.888Z - info: Generating landing page...
2020-09-02T06:56:20.367Z - error:  Template render error: (unknown path)
  Template render error: (unknown path)
  Template render error: (unknown path)
  Template render error: (unknown path)
  Template render error: (unknown path)
  Template render error: (unknown path)
  Template render error: (unknown path)
  Template render error: (unknown path) [Line 216, Column 5]
  parseAggregate: expected comma after expression
Error while preprocessing 'C:\repos\nus-cs2103-AY2021S1\cs2103-website\index.md'
    at Object._prettifyError (C:\Users\damithch\AppData\Roaming\npm\node_modules\markbind-cli\node_modules\nunjucks\src\lib.js:36:11)
    at C:\Users\damithch\AppData\Roaming\npm\node_modules\markbind-cli\node_modules\nunjucks\src\environment.js:561:19
    at Template.root [as rootRenderFunc] (eval at _compile (C:\Users\damithch\AppData\Roaming\npm\node_modules\markbind-cli\node_modules\nunjucks\src\environment.js:631:18), <anonymous>:619:3)
    at Template.render (C:\Users\damithch\AppData\Roaming\npm\node_modules\markbind-cli\node_modules\nunjucks\src\environment.js:550:10)
    at Environment.renderString (C:\Users\damithch\AppData\Roaming\npm\node_modules\markbind-cli\node_modules\nunjucks\src\environment.js:378:17)
    at VariableRenderer.render (C:\Users\damithch\AppData\Roaming\npm\node_modules\markbind-cli\node_modules\@markbind\core\src\variables\VariableRenderer.js:79:17)
    at VariableProcessor.renderSiteVariables (C:\Users\damithch\AppData\Roaming\npm\node_modules\markbind-cli\node_modules\@markbind\core\src\variables\VariableProcessor.js:151:53)
    at VariableProcessor.renderIncludeFile (C:\Users\damithch\AppData\Roaming\npm\node_modules\markbind-cli\node_modules\@markbind\core\src\variables\VariableProcessor.js:390:34)
    at _preprocessInclude (C:\Users\damithch\AppData\Roaming\npm\node_modules\markbind-cli\node_modules\@markbind\core\src\preprocessors\componentPreprocessor.js:242:25)
    at Object.preProcessComponent (C:\Users\damithch\AppData\Roaming\npm\node_modules\markbind-cli\node_modules\@markbind\core\src\preprocessors\componentPreprocessor.js:349:12)
    at C:\Users\damithch\AppData\Roaming\npm\node_modules\markbind-cli\node_modules\@markbind\core\src\Parser.js:187:47
    at Array.map (<anonymous>)
    at DomHandler._callback (C:\Users\damithch\AppData\Roaming\npm\node_modules\markbind-cli\node_modules\@markbind\core\src\Parser.js:184:27)
    at DomHandler._handleCallback.DomHandler.onerror (C:\Users\damithch\AppData\Roaming\npm\node_modules\markbind-cli\node_modules\domhandler\index.js:52:8)
    at DomHandler.onend (C:\Users\damithch\AppData\Roaming\npm\node_modules\markbind-cli\node_modules\domhandler\index.js:46:7)
    at Parser.onend (C:\Users\damithch\AppData\Roaming\npm\node_modules\markbind-cli\node_modules\htmlparser2\lib\Parser.js:340:36)
2020-09-02T06:56:20.532Z - info: Landing page built, other pages will be built as you navigate to them!
2020-09-02T06:56:20.912Z - info: Website generation (lazy) complete! Total build time: 33.608s
2020-09-02T06:56:22.343Z - info: Serving "C:\repos\nus-cs2103-AY2021S1\cs2103-website\_site" at http://127.0.0.1:8080
2020-09-02T06:56:22.344Z - info: Press CTRL+C to stop ...
2020-09-02T06:56:22.435Z - info: Site data built
2020-09-02T06:57:38.789Z - info: [2:57:38 PM] Reload for file change: C:\repos\nus-cs2103-AY2021S1\cs2103-website\_module-CS2103\weeklyTextbookTopics.mbdf
2020-09-02T06:57:39.797Z - info: No pages needed to be rebuilt
2020-09-02T06:57:53.042Z - info: Website generation (lazy) started at 2:57:49 PM
2020-09-02T06:58:02.302Z - info: Building assets...
2020-09-02T06:58:09.688Z - info: Assets built
2020-09-02T06:58:09.689Z - info: Generating landing page...
2020-09-02T06:58:11.529Z - info: Landing page built, other pages will be built as you navigate to them!
2020-09-02T06:58:11.650Z - info: Website generation (lazy) complete! Total build time: 21.673s
2020-09-02T06:58:12.620Z - info: Serving "C:\repos\nus-cs2103-AY2021S1\cs2103-website\_site" at http://127.0.0.1:8080
2020-09-02T06:58:12.621Z - info: Press CTRL+C to stop ...
2020-09-02T06:58:12.687Z - info: Site data built
2020-09-02T06:59:01.121Z - info: Building C:\repos\nus-cs2103-AY2021S1\cs2103-website\schedule\week5\index as some of its dependencies were changed since the last visit
2020-09-02T06:59:02.769Z - info: Site data built
2020-09-02T06:59:02.770Z - info: Lazy website regeneration complete! Total build time: 1.649s
2020-09-02T06:59:05.932Z - info: Building C:\repos\nus-cs2103-AY2021S1\cs2103-website\schedule\week5\project as some of its dependencies were changed since the last visit
2020-09-02T06:59:07.430Z - info: Site data built
2020-09-02T06:59:07.431Z - info: Lazy website regeneration complete! Total build time: 1.499s
2020-09-02T06:59:29.348Z - info: Building C:\repos\nus-cs2103-AY2021S1\cs2103-website\schedule\week5\topics as some of its dependencies were changed since the last visit
2020-09-02T06:59:33.619Z - info: Site data built
2020-09-02T06:59:33.620Z - info: Lazy website regeneration complete! Total build time: 4.272s
2020-09-02T07:04:13.030Z - info: [3:04:13 PM] Reload for file change: C:\repos\nus-cs2103-AY2021S1\cs2103-website\_module-CS2103\weeklyTextbookTopics.mbdf
2020-09-02T07:04:14.065Z - info: No pages needed to be rebuilt
2020-09-02T07:04:29.847Z - info: Website generation (lazy) started at 3:04:26 PM
2020-09-02T07:04:41.540Z - info: Building assets...
2020-09-02T07:04:48.339Z - info: Assets built
2020-09-02T07:04:48.340Z - info: Generating landing page...
2020-09-02T07:04:50.506Z - info: Landing page built, other pages will be built as you navigate to them!
2020-09-02T07:04:50.631Z - info: Website generation (lazy) complete! Total build time: 24.494s
2020-09-02T07:04:51.567Z - info: Serving "C:\repos\nus-cs2103-AY2021S1\cs2103-website\_site" at http://127.0.0.1:8080
2020-09-02T07:04:51.567Z - info: Press CTRL+C to stop ...
2020-09-02T07:04:51.635Z - info: Site data built
2020-09-02T07:10:29.307Z - info: Building C:\repos\nus-cs2103-AY2021S1\cs2103-website\schedule\week5\topics as some of its dependencies were changed since the last visit
2020-09-02T07:10:34.416Z - info: Site data built
2020-09-02T07:10:34.422Z - info: Lazy website regeneration complete! Total build time: 5.117s
2020-09-02T07:12:53.993Z - info: [3:12:53 PM] Reload for file change: C:\repos\nus-cs2103-AY2021S1\cs2103-website\_module-CS2103\weeklyTextbookTopics.mbdf
2020-09-02T07:12:55.001Z - info: No pages needed to be rebuilt
2020-09-02T07:13:15.580Z - info: Building C:\repos\nus-cs2103-AY2021S1\cs2103-website\schedule\week5\project as some of its dependencies were changed since the last visit
2020-09-02T07:13:17.732Z - info: Site data built
2020-09-02T07:13:17.733Z - info: Lazy website regeneration complete! Total build time: 2.154s
2020-09-02T07:15:23.648Z - info: Building C:\repos\nus-cs2103-AY2021S1\cs2103-website\schedule\week5\tutorial as some of its dependencies were changed since the last visit
2020-09-02T07:15:24.199Z - info: Site data built
2020-09-02T07:15:24.199Z - info: Lazy website regeneration complete! Total build time: 0.552s
2020-09-02T07:17:47.853Z - info: Building C:\repos\nus-cs2103-AY2021S1\cs2103-website\schedule\week5\admin as some of its dependencies were changed since the last visit
2020-09-02T07:17:48.975Z - info: Site data built
2020-09-02T07:17:48.976Z - info: Lazy website regeneration complete! Total build time: 1.123s
2020-09-02T07:18:53.006Z - info: Website generation started at 3:18:48 PM
2020-09-02T07:19:02.673Z - info: Building assets...
2020-09-02T07:19:09.350Z - info: Assets built
2020-09-02T07:19:09.350Z - info: Generating pages...
2020-09-02T07:19:27.238Z - debug: The process cannot access the file because it is being used by another process.

2020-09-02T07:19:27.239Z - debug: The process cannot access the file because it is being used by another process.

2020-09-02T07:19:31.280Z - debug:  
2020-09-02T07:19:31.280Z - debug:  
2020-09-02T07:19:31.280Z - debug:  
2020-09-02T07:19:31.281Z - debug:  
2020-09-02T07:19:31.281Z - debug:  
2020-09-02T07:19:32.917Z - debug:  
2020-09-02T07:19:33.239Z - debug:  
2020-09-02T07:19:33.289Z - debug:  
2020-09-02T07:19:38.291Z - debug: The process cannot access the file because it is being used by another process.

2020-09-02T07:19:38.291Z - debug: The process cannot access the file because it is being used by another process.

2020-09-02T07:19:39.867Z - debug:  
2020-09-02T07:19:39.867Z - debug: The process cannot access the file because it is being used by another process.

2020-09-02T07:19:39.867Z - debug: The process cannot access the file because it is being used by another process.

2020-09-02T07:19:39.868Z - debug:  
2020-09-02T07:19:40.024Z - debug:  
2020-09-02T07:19:40.025Z - debug:  
2020-09-02T07:19:40.863Z - debug: The process cannot access the file because it is being used by another process.

2020-09-02T07:19:40.864Z - debug: The process cannot access the file because it is being used by another process.

2020-09-02T07:19:43.950Z - debug:  
2020-09-02T07:19:43.950Z - debug:  
2020-09-02T07:20:02.609Z - debug: The process cannot access the file because it is being used by another process.

2020-09-02T07:20:03.328Z - debug: The process cannot access the file because it is being used by another process.

2020-09-02T07:20:04.473Z - debug: The process cannot access the file because it is being used by another process.

2020-09-02T07:20:04.474Z - debug:  
2020-09-02T07:20:06.410Z - debug: The process cannot access the file because it is being used by another process.

2020-09-02T07:20:07.318Z - debug: The process cannot access the file because it is being used by another process.

2020-09-02T07:20:09.386Z - debug:  
2020-09-02T07:20:10.781Z - debug:  
2020-09-02T07:20:14.769Z - debug: The process cannot access the file because it is being used by another process.

2020-09-02T07:20:14.770Z - debug: The process cannot access the file because it is being used by another process.

2020-09-02T07:20:16.083Z - debug:  
2020-09-02T07:20:16.083Z - debug: The process cannot access the file because it is being used by another process.

2020-09-02T07:20:16.116Z - debug:  
2020-09-02T07:20:18.953Z - debug: The process cannot access the file because it is being used by another process.

2020-09-02T07:20:18.954Z - debug:  
2020-09-02T07:20:20.526Z - debug:  
2020-09-02T07:20:28.787Z - debug: The process cannot access the file because it is being used by another process.

2020-09-02T07:20:31.105Z - debug: The process cannot access the file because it is being used by another process.

2020-09-02T07:20:31.217Z - debug:  
2020-09-02T07:20:59.018Z - debug:  
2020-09-02T07:20:59.019Z - debug:  
2020-09-02T07:20:59.019Z - debug:  
2020-09-02T07:20:59.019Z - debug:  
2020-09-02T07:21:02.569Z - debug: The process cannot access the file because it is being used by another process.

2020-09-02T07:21:06.284Z - debug:  
2020-09-02T07:21:06.507Z - debug:  
2020-09-02T07:21:06.507Z - debug:  
2020-09-02T07:21:09.238Z - debug:  
2020-09-02T07:21:18.550Z - debug:  
2020-09-02T07:21:18.551Z - debug:  
2020-09-02T07:21:18.551Z - debug:  
2020-09-02T07:21:18.551Z - debug:  
2020-09-02T07:21:24.253Z - debug: The process cannot access the file because it is being used by another process.

2020-09-02T07:21:27.190Z - debug:  
2020-09-02T07:21:28.150Z - debug:  
2020-09-02T07:21:29.075Z - debug:  
2020-09-02T07:21:35.404Z - debug:  
2020-09-02T07:21:48.003Z - debug:  
2020-09-02T07:21:51.576Z - debug:  
2020-09-02T07:21:51.577Z - debug:  
2020-09-02T07:21:57.114Z - debug:  
2020-09-02T07:21:57.116Z - debug:  
2020-09-02T07:22:12.511Z - debug:  
2020-09-02T07:22:13.624Z - debug:  
2020-09-02T07:22:45.885Z - debug:  
2020-09-02T07:23:01.803Z - debug:  
2020-09-02T07:23:01.803Z - debug:  
2020-09-02T07:23:14.008Z - info: Pages built
2020-09-02T07:23:47.604Z - info: Website generation complete! Total build time: 299.326s
2020-09-02T07:23:47.608Z - info: Build success!
2020-09-02T07:23:47.608Z - debug:  
2020-09-02T07:23:47.611Z - info: Site data built
2020-09-02T07:24:34.305Z - info: Deployed!
2020-09-02T07:25:32.470Z - info: Website generation (lazy) started at 3:25:26 PM
2020-09-02T07:25:42.119Z - info: Building assets...
2020-09-02T07:25:47.748Z - info: Assets built
2020-09-02T07:25:47.749Z - info: Generating landing page...
2020-09-02T07:25:49.575Z - info: Landing page built, other pages will be built as you navigate to them!
2020-09-02T07:25:49.701Z - info: Website generation (lazy) complete! Total build time: 23.562s
2020-09-02T07:25:51.014Z - info: Serving "C:\repos\nus-cs2103-AY2021S1\cs2103-website\_site" at http://127.0.0.1:8080
2020-09-02T07:25:51.014Z - info: Press CTRL+C to stop ...
2020-09-02T07:25:51.103Z - info: Site data built
2020-09-02T07:32:07.036Z - info: Building C:\repos\nus-cs2103-AY2021S1\cs2103-website\schedule\week4\topics as some of its dependencies were changed since the last visit
2020-09-02T07:32:11.144Z - info: Site data built
2020-09-02T07:32:11.145Z - info: Lazy website regeneration complete! Total build time: 4.109s
2020-09-02T07:33:09.397Z - info: Building C:\repos\nus-cs2103-AY2021S1\cs2103-website\schedule\week5\topics as some of its dependencies were changed since the last visit
2020-09-02T07:33:13.437Z - info: Site data built
2020-09-02T07:33:13.438Z - info: Lazy website regeneration complete! Total build time: 4.041s
2020-09-02T07:37:29.583Z - info: [3:37:29 PM] Reload for file change: C:\repos\nus-cs2103-AY2021S1\cs2103-website\_module-TIC4001\weeklyTextbookTopics.mbdf
2020-09-02T07:37:29.591Z - info: [3:37:29 PM] Reload for file change: C:\repos\nus-cs2103-AY2021S1\cs2103-website\_module-TIC2002\weeklyTextbookTopics.mbdf
2020-09-02T07:37:30.607Z - info: No pages needed to be rebuilt
2020-09-02T07:37:51.523Z - info: Website generation started at 3:37:47 PM
2020-09-02T07:38:03.079Z - info: Building assets...
