2020-10-08T16:37:44.671Z - info: Website generation (lazy) started at 12:37:39 AM
2020-10-08T16:37:52.570Z - info: Building assets...
2020-10-08T16:37:59.057Z - info: Assets built
2020-10-08T16:37:59.058Z - info: Generating landing page...
2020-10-08T16:38:00.365Z - info: Landing page built, other pages will be built as you navigate to them!
2020-10-08T16:38:00.449Z - info: Website generation (lazy) complete! Total build time: 21.092s
2020-10-08T16:38:01.254Z - info: Serving "C:\repos\nus-cs2103-AY2021S1\cs2103-website\_site" at http://127.0.0.1:8080
2020-10-08T16:38:01.255Z - info: Press CTRL+C to stop ...
2020-10-08T16:38:01.318Z - info: Site data built
2020-10-08T16:38:50.180Z - info: [12:38:50 AM] Reload for file change: C:\repos\nus-cs2103-AY2021S1\cs2103-website\_markbind\headers\header.md
2020-10-08T16:38:51.112Z - info: [12:38:51 AM] Reload for file change: C:\repos\nus-cs2103-AY2021S1\cs2103-website\_markbind\headers\header.md
2020-10-08T16:38:51.182Z - info: Rebuilding 1 pages
2020-10-08T16:38:52.020Z - info: Pages rebuilt
2020-10-08T16:38:52.020Z - info: Website regeneration complete! Total build time: 0.839s
2020-10-08T16:38:52.028Z - info: Site data built
2020-10-08T16:39:38.194Z - info: Website generation started at 12:39:35 AM
2020-10-08T16:39:47.238Z - info: Building assets...
2020-10-08T16:39:53.644Z - info: Assets built
2020-10-08T16:39:53.645Z - info: Generating pages...
2020-10-08T16:40:12.573Z - debug: The process cannot access the file because it is being used by another process.

2020-10-08T16:40:12.573Z - debug: The process cannot access the file because it is being used by another process.

2020-10-08T16:40:13.703Z - debug: The process cannot access the file because it is being used by another process.

2020-10-08T16:40:13.704Z - debug: The process cannot access the file because it is being used by another process.

2020-10-08T16:40:13.704Z - debug:  
2020-10-08T16:40:13.704Z - debug:  
2020-10-08T16:40:13.705Z - debug:  
2020-10-08T16:40:13.705Z - debug:  
2020-10-08T16:40:13.705Z - debug:  
2020-10-08T16:40:19.311Z - debug: The process cannot access the file because it is being used by another process.

2020-10-08T16:40:19.312Z - debug: The process cannot access the file because it is being used by another process.

2020-10-08T16:40:19.312Z - debug:  
2020-10-08T16:40:20.752Z - debug:  
2020-10-08T16:40:20.753Z - debug: The process cannot access the file because it is being used by another process.

2020-10-08T16:40:20.753Z - debug: The process cannot access the file because it is being used by another process.

2020-10-08T16:40:20.876Z - debug:  
2020-10-08T16:40:20.959Z - debug:  
2020-10-08T16:40:21.471Z - debug: The process cannot access the file because it is being used by another process.

2020-10-08T16:40:21.473Z - debug: The process cannot access the file because it is being used by another process.

2020-10-08T16:40:24.936Z - debug:  
2020-10-08T16:40:25.471Z - debug:  
2020-10-08T16:40:40.849Z - debug: The process cannot access the file because it is being used by another process.

2020-10-08T16:40:41.463Z - debug: The process cannot access the file because it is being used by another process.

2020-10-08T16:40:42.277Z - debug: The process cannot access the file because it is being used by another process.

2020-10-08T16:40:42.278Z - debug:  
2020-10-08T16:40:43.933Z - debug: The process cannot access the file because it is being used by another process.

2020-10-08T16:40:44.677Z - debug: The process cannot access the file because it is being used by another process.

2020-10-08T16:40:46.091Z - debug:  
2020-10-08T16:40:47.474Z - debug:  
2020-10-08T16:40:50.109Z - debug: The process cannot access the file because it is being used by another process.

2020-10-08T16:40:50.453Z - debug: The process cannot access the file because it is being used by another process.

2020-10-08T16:40:51.946Z - debug: The process cannot access the file because it is being used by another process.

2020-10-08T16:40:51.947Z - debug: The process cannot access the file because it is being used by another process.

2020-10-08T16:40:51.947Z - debug:  
2020-10-08T16:40:52.178Z - debug:  
2020-10-08T16:40:56.761Z - debug:  
2020-10-08T16:40:56.952Z - debug:  
2020-10-08T16:41:03.299Z - debug: The process cannot access the file because it is being used by another process.

2020-10-08T16:41:05.485Z - debug: The process cannot access the file because it is being used by another process.

2020-10-08T16:41:06.469Z - debug:  
2020-10-08T16:41:30.804Z - debug:  
2020-10-08T16:41:30.806Z - debug:  
2020-10-08T16:41:30.806Z - debug:  
2020-10-08T16:41:30.806Z - debug:  
2020-10-08T16:41:36.745Z - debug:  
2020-10-08T16:41:36.745Z - debug:  
2020-10-08T16:41:36.750Z - debug:  
2020-10-08T16:41:47.541Z - debug:  
2020-10-08T16:41:48.389Z - debug:  
2020-10-08T16:41:48.390Z - debug:  
2020-10-08T16:41:48.390Z - debug:  
2020-10-08T16:41:48.390Z - debug:  
2020-10-08T16:41:55.985Z - debug: The process cannot access the file because it is being used by another process.

2020-10-08T16:41:56.326Z - debug:  
2020-10-08T16:41:56.327Z - debug:  
2020-10-08T16:41:56.327Z - debug:  
2020-10-08T16:42:02.511Z - debug:  
2020-10-08T16:42:10.009Z - debug:  
2020-10-08T16:42:16.431Z - debug:  
2020-10-08T16:42:23.977Z - debug:  
2020-10-08T16:42:23.977Z - debug:  
2020-10-08T16:42:27.805Z - info: Pages built
2020-10-08T16:42:52.718Z - info: Website generation complete! Total build time: 196.949s
2020-10-08T16:42:52.720Z - info: Build success!
2020-10-08T16:42:52.723Z - info: Site data built
2020-10-08T16:43:27.520Z - info: Deployed!
2020-10-09T14:32:06.864Z - info: Website generation (lazy) started at 10:31:57 PM
2020-10-09T14:32:15.057Z - info: Building assets...
2020-10-09T14:32:20.854Z - info: Assets built
2020-10-09T14:32:20.855Z - info: Generating landing page...
2020-10-09T14:32:24.335Z - info: Landing page built, other pages will be built as you navigate to them!
2020-10-09T14:32:24.470Z - info: Website generation (lazy) complete! Total build time: 26.88s
2020-10-09T14:32:25.309Z - info: Serving "C:\repos\nus-cs2103-AY2021S1\cs2103-website\_site" at http://127.0.0.1:8080
2020-10-09T14:32:25.309Z - info: Press CTRL+C to stop ...
2020-10-09T14:32:25.382Z - info: Site data built
2020-10-09T14:33:17.856Z - info: [10:33:17 PM] Reload for file change: C:\repos\nus-cs2103-AY2021S1\cs2103-website\_markbind\variables.md
2020-10-09T14:33:19.020Z - warn: Rebuilding all pages as variables file was changed, or the --force-reload flag was set
2020-10-09T14:33:19.028Z - info: Rebuilding 1 pages
2020-10-09T14:33:19.849Z - info: Pages rebuilt
2020-10-09T14:33:19.850Z - info: Website regeneration complete! Total build time: 0.985s
2020-10-09T14:33:19.854Z - info: Site data built
2020-10-09T14:33:34.077Z - info: Building C:\repos\nus-cs2103-AY2021S1\cs2103-website\schedule\week9\admin as some of its dependencies were changed since the last visit
2020-10-09T14:33:34.517Z - info: Site data built
2020-10-09T14:33:34.517Z - info: Lazy website regeneration complete! Total build time: 0.44s
2020-10-09T14:33:41.609Z - info: Building C:\repos\nus-cs2103-AY2021S1\cs2103-website\schedule\week9\project as some of its dependencies were changed since the last visit
2020-10-09T14:33:42.333Z - info: Site data built
2020-10-09T14:33:42.333Z - info: Lazy website regeneration complete! Total build time: 0.725s
2020-10-09T14:33:56.631Z - info: Website generation started at 10:33:53 PM
2020-10-09T14:34:04.503Z - info: Building assets...
