2020-10-30T16:04:53.328Z - info: Website generation started at 12:04:46 AM
2020-10-30T16:05:02.337Z - info: Building assets...
2020-10-30T16:05:10.018Z - info: Assets built
2020-10-30T16:05:10.019Z - info: Generating pages...
2020-10-30T16:05:26.414Z - debug: The process cannot access the file because it is being used by another process.

2020-10-30T16:05:26.415Z - debug: The process cannot access the file because it is being used by another process.

2020-10-30T16:05:30.379Z - debug:  
2020-10-30T16:05:30.380Z - debug:  
2020-10-30T16:05:30.380Z - debug:  
2020-10-30T16:05:30.380Z - debug:  
2020-10-30T16:05:30.385Z - debug:  
2020-10-30T16:05:31.441Z - debug:  
2020-10-30T16:05:31.706Z - debug:  
2020-10-30T16:05:31.747Z - debug:  
2020-10-30T16:05:36.712Z - debug: The process cannot access the file because it is being used by another process.

2020-10-30T16:05:36.713Z - debug: The process cannot access the file because it is being used by another process.

2020-10-30T16:05:36.713Z - debug:  
2020-10-30T16:05:38.308Z - debug:  
2020-10-30T16:05:38.309Z - debug: The process cannot access the file because it is being used by another process.

2020-10-30T16:05:38.309Z - debug: The process cannot access the file because it is being used by another process.

2020-10-30T16:05:38.399Z - debug:  
2020-10-30T16:05:38.400Z - debug:  
2020-10-30T16:05:38.971Z - debug: The process cannot access the file because it is being used by another process.

2020-10-30T16:05:38.972Z - debug: The process cannot access the file because it is being used by another process.

2020-10-30T16:05:42.697Z - debug:  
2020-10-30T16:05:42.863Z - debug:  
2020-10-30T16:05:57.957Z - debug: The process cannot access the file because it is being used by another process.

2020-10-30T16:05:58.614Z - debug: The process cannot access the file because it is being used by another process.

2020-10-30T16:05:59.554Z - debug: The process cannot access the file because it is being used by another process.

2020-10-30T16:05:59.554Z - debug:  
2020-10-30T16:06:01.587Z - debug: The process cannot access the file because it is being used by another process.

2020-10-30T16:06:02.394Z - debug: The process cannot access the file because it is being used by another process.

2020-10-30T16:06:03.899Z - debug:  
2020-10-30T16:06:05.557Z - debug:  
2020-10-30T16:06:08.041Z - debug: The process cannot access the file because it is being used by another process.

2020-10-30T16:06:08.042Z - debug: The process cannot access the file because it is being used by another process.

2020-10-30T16:06:09.361Z - debug: The process cannot access the file because it is being used by another process.

2020-10-30T16:06:09.361Z - debug: The process cannot access the file because it is being used by another process.

2020-10-30T16:06:09.361Z - debug:  
2020-10-30T16:06:09.534Z - debug:  
2020-10-30T16:06:13.549Z - debug:  
2020-10-30T16:06:13.551Z - debug:  
2020-10-30T16:06:19.972Z - debug: The process cannot access the file because it is being used by another process.

2020-10-30T16:06:21.872Z - debug: The process cannot access the file because it is being used by another process.

2020-10-30T16:06:22.056Z - debug:  
2020-10-30T16:06:45.998Z - debug:  
2020-10-30T16:06:46.002Z - debug:  
2020-10-30T16:06:46.002Z - debug:  
2020-10-30T16:06:46.002Z - debug:  
2020-10-30T16:06:49.678Z - debug: The process cannot access the file because it is being used by another process.

2020-10-30T16:06:53.825Z - debug:  
2020-10-30T16:06:57.941Z - debug:  
2020-10-30T16:06:57.942Z - debug:  
2020-10-30T16:06:57.944Z - debug:  
2020-10-30T16:07:06.130Z - debug:  
2020-10-30T16:07:06.131Z - debug:  
2020-10-30T16:07:06.131Z - debug:  
2020-10-30T16:07:06.131Z - debug:  
2020-10-30T16:07:11.202Z - debug: The process cannot access the file because it is being used by another process.

2020-10-30T16:07:14.802Z - debug:  
2020-10-30T16:07:17.028Z - debug:  
2020-10-30T16:07:17.028Z - debug:  
2020-10-30T16:07:27.020Z - debug:  
2020-10-30T16:07:38.865Z - debug:  
2020-10-30T16:07:46.648Z - debug: The process cannot access the file because it is being used by another process.

2020-10-30T16:07:46.649Z - debug: The process cannot access the file because it is being used by another process.

2020-10-30T16:07:46.654Z - debug:  
2020-10-30T16:07:46.655Z - debug:  
2020-10-30T16:08:00.456Z - debug:  
2020-10-30T16:08:01.423Z - debug:  
2020-10-30T16:08:29.830Z - debug:  
2020-10-30T16:08:44.086Z - debug:  
2020-10-30T16:08:44.086Z - debug:  
2020-10-30T16:08:56.387Z - info: Pages built
2020-10-30T16:08:56.512Z - debug:  
2020-10-30T16:09:23.484Z - info: Website generation complete! Total build time: 276.696s
2020-10-30T16:09:23.485Z - info: Build success!
2020-10-30T16:09:23.489Z - info: Site data built
2020-10-30T16:10:04.869Z - info: Deployed!
2020-10-30T16:16:34.909Z - info: Website generation started at 12:16:30 AM
2020-10-30T16:16:43.968Z - info: Building assets...
