2020-11-07T16:11:53.725Z - info: Website generation (lazy) started at 12:11:43 AM
2020-11-07T16:12:07.096Z - info: Building assets...
2020-11-07T16:12:14.585Z - info: Assets built
2020-11-07T16:12:14.587Z - info: Generating landing page...
2020-11-07T16:12:15.875Z - info: Landing page built, other pages will be built as you navigate to them!
2020-11-07T16:12:16.017Z - info: Website generation (lazy) complete! Total build time: 32.204s
2020-11-07T16:12:16.113Z - info: Site data built
2020-11-07T16:12:18.328Z - info: Serving "C:\repos\nus-cs2103-AY2021S1\cs2103-website\_site" at http://127.0.0.1:63281
2020-11-07T16:12:18.329Z - info: Press CTRL+C to stop ...
2020-11-07T16:14:16.503Z - info: [12:14:16 AM] Reload for file change: C:\repos\nus-cs2103-AY2021S1\cs2103-website\_module-TIC4001\weeklyAdminTasks.mbdf
2020-11-07T16:14:17.510Z - info: No pages needed to be rebuilt
2020-11-07T16:14:36.565Z - info: Website generation (lazy) started at 12:14:33 AM
2020-11-07T16:14:47.218Z - info: Building assets...
2020-11-07T16:14:54.581Z - info: Assets built
2020-11-07T16:14:54.583Z - info: Generating landing page...
2020-11-07T16:14:55.661Z - info: Landing page built, other pages will be built as you navigate to them!
2020-11-07T16:14:55.791Z - info: Website generation (lazy) complete! Total build time: 22.664s
2020-11-07T16:14:55.868Z - info: Site data built
2020-11-07T16:14:57.684Z - info: Serving "C:\repos\nus-cs2103-AY2021S1\cs2103-website\_site" at http://127.0.0.1:63353
2020-11-07T16:14:57.685Z - info: Press CTRL+C to stop ...
2020-11-07T16:21:45.637Z - info: Website generation started at 12:21:40 AM
2020-11-07T16:21:58.149Z - info: Building assets...
