2020-10-12T16:00:19.363Z - info: [12:00:19 AM] Reload for file change: C:\repos\nus-cs2103-AY2021S1\cs2103-website\admin\common-commentary.mbdf
2020-10-12T16:00:20.381Z - info: Rebuilding 1 pages
2020-10-12T16:00:22.350Z - info: Pages rebuilt
2020-10-12T16:00:22.350Z - info: Website regeneration complete! Total build time: 1.97s
2020-10-12T16:00:22.413Z - info: Site data built
2020-10-12T16:02:50.105Z - info: Building C:\repos\nus-cs2103-AY2021S1\cs2103-website\schedule\week9\admin as some of its dependencies were changed since the last visit
2020-10-12T16:02:50.601Z - info: Site data built
2020-10-12T16:02:50.601Z - info: Lazy website regeneration complete! Total build time: 0.497s
2020-10-12T16:03:39.213Z - info: Building C:\repos\nus-cs2103-AY2021S1\cs2103-website\schedule\week9\index as some of its dependencies were changed since the last visit
2020-10-12T16:03:39.690Z - info: Site data built
2020-10-12T16:03:39.691Z - info: Lazy website regeneration complete! Total build time: 0.478s
2020-10-12T16:04:36.131Z - info: Website generation started at 12:04:32 AM
2020-10-12T16:04:45.147Z - info: Building assets...
2020-10-12T16:04:52.077Z - info: Assets built
2020-10-12T16:04:52.078Z - info: Generating pages...
2020-10-12T16:05:11.056Z - debug: The process cannot access the file because it is being used by another process.

2020-10-12T16:05:11.057Z - debug: The process cannot access the file because it is being used by another process.

2020-10-12T16:05:13.644Z - debug:  
2020-10-12T16:05:13.644Z - debug:  
2020-10-12T16:05:13.644Z - debug:  
2020-10-12T16:05:13.645Z - debug:  
2020-10-12T16:05:13.645Z - debug:  
2020-10-12T16:05:18.460Z - debug: The process cannot access the file because it is being used by another process.

2020-10-12T16:05:18.460Z - debug: The process cannot access the file because it is being used by another process.

2020-10-12T16:05:18.460Z - debug:  
2020-10-12T16:05:18.460Z - debug: The process cannot access the file because it is being used by another process.

2020-10-12T16:05:18.461Z - debug: The process cannot access the file because it is being used by another process.

2020-10-12T16:05:18.461Z - debug:  
2020-10-12T16:05:18.461Z - debug:  
2020-10-12T16:05:18.461Z - debug:  
2020-10-12T16:05:21.385Z - debug: The process cannot access the file because it is being used by another process.

2020-10-12T16:05:21.386Z - debug: The process cannot access the file because it is being used by another process.

2020-10-12T16:05:21.386Z - debug: The process cannot access the file because it is being used by another process.

2020-10-12T16:05:21.387Z - debug: The process cannot access the file because it is being used by another process.

2020-10-12T16:05:22.523Z - debug:  
2020-10-12T16:05:22.524Z - debug:  
2020-10-12T16:05:38.914Z - debug: The process cannot access the file because it is being used by another process.

2020-10-12T16:05:38.930Z - debug: The process cannot access the file because it is being used by another process.

2020-10-12T16:05:39.886Z - debug: The process cannot access the file because it is being used by another process.

2020-10-12T16:05:39.887Z - debug:  
2020-10-12T16:05:41.943Z - debug: The process cannot access the file because it is being used by another process.

2020-10-12T16:05:42.781Z - debug: The process cannot access the file because it is being used by another process.

2020-10-12T16:05:44.985Z - debug:  
2020-10-12T16:05:46.317Z - debug:  
2020-10-12T16:05:49.264Z - debug: The process cannot access the file because it is being used by another process.

2020-10-12T16:05:49.264Z - debug: The process cannot access the file because it is being used by another process.

2020-10-12T16:05:52.160Z - debug: The process cannot access the file because it is being used by another process.

2020-10-12T16:05:52.160Z - debug: The process cannot access the file because it is being used by another process.

2020-10-12T16:05:55.217Z - debug:  
2020-10-12T16:05:55.222Z - debug:  
2020-10-12T16:05:57.042Z - debug:  
2020-10-12T16:05:57.160Z - debug:  
2020-10-12T16:06:03.300Z - debug: The process cannot access the file because it is being used by another process.

2020-10-12T16:06:05.734Z - debug: The process cannot access the file because it is being used by another process.

2020-10-12T16:06:05.867Z - debug:  
2020-10-12T16:06:36.010Z - debug:  
2020-10-12T16:06:36.197Z - debug:  
2020-10-12T16:06:36.198Z - debug:  
2020-10-12T16:06:36.372Z - debug:  
2020-10-12T16:06:42.332Z - debug:  
2020-10-12T16:06:42.332Z - debug:  
2020-10-12T16:06:42.412Z - debug:  
2020-10-12T16:06:44.684Z - debug:  
2020-10-12T16:06:54.350Z - debug:  
2020-10-12T16:06:54.361Z - debug:  
2020-10-12T16:06:54.362Z - debug:  
2020-10-12T16:06:54.362Z - debug:  
2020-10-12T16:07:00.369Z - debug: The process cannot access the file because it is being used by another process.

2020-10-12T16:07:03.198Z - debug:  
2020-10-12T16:07:05.376Z - debug:  
2020-10-12T16:07:05.376Z - debug:  
2020-10-12T16:07:12.358Z - debug:  
2020-10-12T16:07:18.301Z - debug:  
2020-10-12T16:07:26.246Z - debug:  
2020-10-12T16:07:34.317Z - debug:  
2020-10-12T16:07:34.317Z - debug:  
2020-10-12T16:07:38.642Z - info: Pages built
2020-10-12T16:08:03.275Z - info: Website generation complete! Total build time: 210.898s
2020-10-12T16:08:03.277Z - info: Build success!
2020-10-12T16:08:03.280Z - info: Site data built
2020-10-12T16:08:39.527Z - info: Deployed!
2020-10-13T03:34:48.143Z - info: Website generation (lazy) started at 11:34:42 AM
2020-10-13T03:34:59.133Z - info: Building assets...
2020-10-13T03:35:07.076Z - info: Assets built
2020-10-13T03:35:07.077Z - info: Generating landing page...
2020-10-13T03:35:08.515Z - info: Landing page built, other pages will be built as you navigate to them!
2020-10-13T03:35:08.607Z - info: Website generation (lazy) complete! Total build time: 26.24s
2020-10-13T03:35:09.629Z - info: Serving "C:\repos\nus-cs2103-AY2021S1\cs2103-website\_site" at http://127.0.0.1:8080
2020-10-13T03:35:09.629Z - info: Press CTRL+C to stop ...
2020-10-13T03:35:09.696Z - info: Site data built
2020-10-13T03:35:11.838Z - info: [11:35:11 AM] Reload for file change: C:\repos\nus-cs2103-AY2021S1\cs2103-website\admin\common-commentary.mbdf
2020-10-13T03:35:13.047Z - info: No pages needed to be rebuilt
2020-10-13T03:35:25.743Z - info: Building C:\repos\nus-cs2103-AY2021S1\cs2103-website\schedule\week9\topics as some of its dependencies were changed since the last visit
2020-10-13T03:35:31.213Z - debug:  
2020-10-13T03:35:39.477Z - debug:  
2020-10-13T03:35:39.477Z - debug:  
2020-10-13T03:35:39.479Z - debug:  
2020-10-13T03:35:39.479Z - debug:  
2020-10-13T03:35:39.529Z - info: Site data built
2020-10-13T03:35:39.531Z - info: Lazy website regeneration complete! Total build time: 13.789s
2020-10-13T03:37:09.793Z - info: Website generation (lazy) started at 11:37:06 AM
2020-10-13T03:37:20.093Z - info: Building assets...
2020-10-13T03:37:26.341Z - info: Assets built
2020-10-13T03:37:26.343Z - info: Generating landing page...
2020-10-13T03:37:27.893Z - info: Landing page built, other pages will be built as you navigate to them!
2020-10-13T03:37:27.979Z - info: Website generation (lazy) complete! Total build time: 21.189s
2020-10-13T03:37:28.827Z - info: Serving "C:\repos\nus-cs2103-AY2021S1\cs2103-website\_site" at http://127.0.0.1:8080
2020-10-13T03:37:28.828Z - info: Press CTRL+C to stop ...
2020-10-13T03:37:28.886Z - info: Site data built
2020-10-13T03:38:11.154Z - info: Building C:\repos\nus-cs2103-AY2021S1\cs2103-website\schedule\week10\index as some of its dependencies were changed since the last visit
2020-10-13T03:38:12.377Z - info: Site data built
2020-10-13T03:38:12.378Z - info: Lazy website regeneration complete! Total build time: 1.226s
2020-10-13T03:38:15.734Z - info: Building C:\repos\nus-cs2103-AY2021S1\cs2103-website\schedule\week10\topics as some of its dependencies were changed since the last visit
2020-10-13T03:38:19.154Z - info: Site data built
2020-10-13T03:38:19.156Z - info: Lazy website regeneration complete! Total build time: 3.422s
2020-10-13T03:38:20.745Z - debug:  
2020-10-13T03:40:38.744Z - info: Website generation started at 11:40:36 AM
2020-10-13T03:40:49.070Z - info: Building assets...
2020-10-13T03:40:56.178Z - info: Assets built
2020-10-13T03:40:56.179Z - info: Generating pages...
2020-10-13T03:41:11.641Z - debug: The process cannot access the file because it is being used by another process.

2020-10-13T03:41:11.641Z - debug: The process cannot access the file because it is being used by another process.

2020-10-13T03:41:16.343Z - debug:  
2020-10-13T03:41:16.344Z - debug:  
2020-10-13T03:41:16.344Z - debug:  
2020-10-13T03:41:16.344Z - debug:  
2020-10-13T03:41:16.344Z - debug:  
2020-10-13T03:41:21.304Z - debug:  
2020-10-13T03:41:21.305Z - debug: The process cannot access the file because it is being used by another process.

2020-10-13T03:41:21.305Z - debug: The process cannot access the file because it is being used by another process.

2020-10-13T03:41:21.305Z - debug: The process cannot access the file because it is being used by another process.

2020-10-13T03:41:21.305Z - debug: The process cannot access the file because it is being used by another process.

2020-10-13T03:41:21.305Z - debug:  
2020-10-13T03:41:21.306Z - debug:  
2020-10-13T03:41:21.306Z - debug:  
2020-10-13T03:41:21.306Z - debug:  
2020-10-13T03:41:23.814Z - debug: The process cannot access the file because it is being used by another process.

2020-10-13T03:41:23.815Z - debug: The process cannot access the file because it is being used by another process.

2020-10-13T03:41:24.109Z - debug: The process cannot access the file because it is being used by another process.

2020-10-13T03:41:24.109Z - debug: The process cannot access the file because it is being used by another process.

2020-10-13T03:41:25.386Z - debug:  
2020-10-13T03:41:25.472Z - debug:  
2020-10-13T03:41:44.655Z - debug: The process cannot access the file because it is being used by another process.

2020-10-13T03:41:45.425Z - debug: The process cannot access the file because it is being used by another process.

2020-10-13T03:41:46.138Z - debug: The process cannot access the file because it is being used by another process.

2020-10-13T03:41:46.139Z - debug:  
2020-10-13T03:41:48.011Z - debug: The process cannot access the file because it is being used by another process.

2020-10-13T03:41:48.750Z - debug: The process cannot access the file because it is being used by another process.

2020-10-13T03:41:50.348Z - debug:  
2020-10-13T03:41:51.517Z - debug:  
2020-10-13T03:41:54.261Z - debug: The process cannot access the file because it is being used by another process.

2020-10-13T03:41:54.351Z - debug: The process cannot access the file because it is being used by another process.

2020-10-13T03:41:55.682Z - debug: The process cannot access the file because it is being used by another process.

2020-10-13T03:41:55.683Z - debug: The process cannot access the file because it is being used by another process.

2020-10-13T03:41:55.898Z - debug:  
2020-10-13T03:41:56.006Z - debug:  
2020-10-13T03:41:59.898Z - debug:  
2020-10-13T03:42:00.225Z - debug:  
2020-10-13T03:42:08.058Z - debug: The process cannot access the file because it is being used by another process.

2020-10-13T03:42:10.494Z - debug: The process cannot access the file because it is being used by another process.

2020-10-13T03:42:10.653Z - debug:  
2020-10-13T03:42:35.513Z - debug:  
2020-10-13T03:42:35.731Z - debug:  
2020-10-13T03:42:35.732Z - debug:  
2020-10-13T03:42:35.732Z - debug:  
2020-10-13T03:42:37.510Z - debug: The process cannot access the file because it is being used by another process.

2020-10-13T03:42:41.485Z - debug:  
2020-10-13T03:42:41.760Z - debug:  
2020-10-13T03:42:41.999Z - debug:  
2020-10-13T03:42:44.860Z - debug:  
2020-10-13T03:42:54.286Z - debug:  
2020-10-13T03:42:54.286Z - debug:  
2020-10-13T03:42:54.287Z - debug:  
2020-10-13T03:42:54.287Z - debug:  
2020-10-13T03:42:59.608Z - debug: The process cannot access the file because it is being used by another process.

2020-10-13T03:43:02.347Z - debug:  
2020-10-13T03:43:04.384Z - debug:  
2020-10-13T03:43:04.384Z - debug:  
2020-10-13T03:43:10.570Z - debug:  
2020-10-13T03:43:21.111Z - debug:  
2020-10-13T03:43:23.812Z - debug:  
2020-10-13T03:43:23.813Z - debug:  
2020-10-13T03:43:33.679Z - debug:  
2020-10-13T03:43:33.679Z - debug:  
2020-10-13T03:43:46.401Z - debug:  
2020-10-13T03:43:47.193Z - debug:  
2020-10-13T03:44:19.673Z - debug:  
2020-10-13T03:44:37.237Z - debug:  
2020-10-13T03:44:37.237Z - debug:  
2020-10-13T03:44:52.214Z - info: Pages built
2020-10-13T03:45:42.978Z - info: Website generation complete! Total build time: 306.968s
2020-10-13T03:45:42.979Z - info: Build success!
2020-10-13T03:45:42.980Z - debug:  
2020-10-13T03:45:42.991Z - info: Site data built
2020-10-13T03:46:37.152Z - info: Deployed!
2020-10-13T04:54:51.913Z - info: Website generation (lazy) started at 12:54:45 PM
2020-10-13T04:55:01.482Z - info: Building assets...
2020-10-13T04:55:07.066Z - info: Assets built
2020-10-13T04:55:07.067Z - info: Generating landing page...
2020-10-13T04:55:08.231Z - info: Landing page built, other pages will be built as you navigate to them!
2020-10-13T04:55:08.316Z - info: Website generation (lazy) complete! Total build time: 22.973s
2020-10-13T04:55:09.144Z - info: Serving "C:\repos\nus-cs2103-AY2021S1\cs2103-website\_site" at http://127.0.0.1:8080
2020-10-13T04:55:09.144Z - info: Press CTRL+C to stop ...
2020-10-13T04:55:09.227Z - info: Site data built
2020-10-13T04:55:25.046Z - info: Building C:\repos\nus-cs2103-AY2021S1\cs2103-website\schedule\week10\index as some of its dependencies were changed since the last visit
2020-10-13T04:55:25.827Z - info: Site data built
2020-10-13T04:55:25.827Z - info: Lazy website regeneration complete! Total build time: 0.782s
2020-10-13T04:55:30.215Z - info: Building C:\repos\nus-cs2103-AY2021S1\cs2103-website\schedule\week10\topics as some of its dependencies were changed since the last visit
2020-10-13T04:55:32.583Z - info: Site data built
2020-10-13T04:55:32.585Z - info: Lazy website regeneration complete! Total build time: 2.371s
2020-10-13T04:58:51.040Z - info: [12:58:51 PM] Reload for file change: C:\repos\nus-cs2103-AY2021S1\cs2103-website\_module-TIC4001\weeklyTextbookTopics.mbdf
2020-10-13T04:58:51.051Z - info: [12:58:51 PM] Reload for file change: C:\repos\nus-cs2103-AY2021S1\cs2103-website\_module-TIC4001\textbookTopics.mbdf
2020-10-13T04:58:52.045Z - info: No pages needed to be rebuilt
2020-10-13T04:59:00.130Z - info: Website generation (lazy) started at 12:58:57 PM
2020-10-13T04:59:07.813Z - info: Building assets...
2020-10-13T04:59:15.322Z - info: Assets built
2020-10-13T04:59:15.323Z - info: Generating landing page...
2020-10-13T04:59:16.555Z - info: Landing page built, other pages will be built as you navigate to them!
2020-10-13T04:59:16.638Z - info: Website generation (lazy) complete! Total build time: 18.817s
2020-10-13T04:59:17.462Z - info: Serving "C:\repos\nus-cs2103-AY2021S1\cs2103-website\_site" at http://127.0.0.1:8080
2020-10-13T04:59:17.462Z - info: Press CTRL+C to stop ...
2020-10-13T04:59:17.519Z - info: Site data built
2020-10-13T05:01:38.547Z - info: Building C:\repos\nus-cs2103-AY2021S1\cs2103-website\schedule\week10\topics as some of its dependencies were changed since the last visit
2020-10-13T05:01:41.373Z - info: Site data built
2020-10-13T05:01:41.375Z - info: Lazy website regeneration complete! Total build time: 2.829s
2020-10-13T05:04:25.964Z - info: [1:04:25 PM] Reload for file change: C:\repos\nus-cs2103-AY2021S1\cs2103-website\_module-TIC4001\textbookTopics.mbdf
2020-10-13T05:04:26.973Z - info: No pages needed to be rebuilt
2020-10-13T05:05:05.855Z - info: Building C:\repos\nus-cs2103-AY2021S1\cs2103-website\schedule\timeline as some of its dependencies were changed since the last visit
2020-10-13T05:05:12.222Z - info: Site data built
2020-10-13T05:05:12.223Z - info: Lazy website regeneration complete! Total build time: 6.368s
2020-10-13T05:06:27.151Z - info: [1:06:27 PM] Reload for file change: C:\repos\nus-cs2103-AY2021S1\cs2103-website\_module-TIC4001\weeklyTextbookTopics.mbdf
2020-10-13T05:06:28.154Z - info: No pages needed to be rebuilt
2020-10-13T05:06:35.899Z - info: Website generation (lazy) started at 1:06:33 PM
2020-10-13T05:06:44.210Z - info: Building assets...
2020-10-13T05:06:50.237Z - info: Assets built
2020-10-13T05:06:50.239Z - info: Generating landing page...
2020-10-13T05:06:51.630Z - info: Landing page built, other pages will be built as you navigate to them!
2020-10-13T05:06:51.735Z - info: Website generation (lazy) complete! Total build time: 18.294s
2020-10-13T05:06:52.721Z - info: Serving "C:\repos\nus-cs2103-AY2021S1\cs2103-website\_site" at http://127.0.0.1:8080
2020-10-13T05:06:52.721Z - info: Press CTRL+C to stop ...
2020-10-13T05:06:52.798Z - info: Site data built
2020-10-13T05:11:48.206Z - info: Building C:\repos\nus-cs2103-AY2021S1\cs2103-website\schedule\week10\topics as some of its dependencies were changed since the last visit
2020-10-13T05:11:50.894Z - info: Site data built
2020-10-13T05:11:50.896Z - info: Lazy website regeneration complete! Total build time: 2.692s
2020-10-13T05:14:13.985Z - info: [1:14:13 PM] Reload for file change: C:\repos\nus-cs2103-AY2021S1\cs2103-website\_module-TIC4001\textbookTopics.mbdf
2020-10-13T05:14:14.994Z - info: No pages needed to be rebuilt
2020-10-13T05:14:23.443Z - info: Website generation (lazy) started at 1:14:20 PM
2020-10-13T05:14:31.587Z - info: Building assets...
2020-10-13T05:14:37.298Z - info: Assets built
2020-10-13T05:14:37.299Z - info: Generating landing page...
2020-10-13T05:14:38.466Z - info: Landing page built, other pages will be built as you navigate to them!
2020-10-13T05:14:38.566Z - info: Website generation (lazy) complete! Total build time: 17.683s
2020-10-13T05:14:39.367Z - info: Serving "C:\repos\nus-cs2103-AY2021S1\cs2103-website\_site" at http://127.0.0.1:8080
2020-10-13T05:14:39.367Z - info: Press CTRL+C to stop ...
2020-10-13T05:14:39.430Z - info: Site data built
2020-10-13T05:14:57.317Z - info: Building C:\repos\nus-cs2103-AY2021S1\cs2103-website\schedule\week10\topics as some of its dependencies were changed since the last visit
2020-10-13T05:14:59.655Z - info: Site data built
2020-10-13T05:14:59.656Z - info: Lazy website regeneration complete! Total build time: 2.339s
2020-10-13T05:18:16.484Z - info: [1:18:16 PM] Reload for file change: C:\repos\nus-cs2103-AY2021S1\cs2103-website\_module-TIC4001\textbookTopics.mbdf
2020-10-13T05:18:17.493Z - info: No pages needed to be rebuilt
2020-10-13T05:18:25.068Z - info: Website generation (lazy) started at 1:18:22 PM
2020-10-13T05:18:33.515Z - info: Building assets...
2020-10-13T05:18:39.208Z - info: Assets built
2020-10-13T05:18:39.209Z - info: Generating landing page...
2020-10-13T05:18:40.407Z - info: Landing page built, other pages will be built as you navigate to them!
2020-10-13T05:18:40.500Z - info: Website generation (lazy) complete! Total build time: 17.973s
2020-10-13T05:18:41.292Z - info: Serving "C:\repos\nus-cs2103-AY2021S1\cs2103-website\_site" at http://127.0.0.1:8080
2020-10-13T05:18:41.292Z - info: Press CTRL+C to stop ...
2020-10-13T05:18:41.354Z - info: Site data built
2020-10-13T05:19:03.369Z - info: Building C:\repos\nus-cs2103-AY2021S1\cs2103-website\schedule\week10\topics as some of its dependencies were changed since the last visit
2020-10-13T05:19:05.720Z - info: Site data built
2020-10-13T05:19:05.721Z - info: Lazy website regeneration complete! Total build time: 2.353s
2020-10-13T05:21:37.382Z - info: [1:21:37 PM] Reload for file change: C:\repos\nus-cs2103-AY2021S1\cs2103-website\_module-TIC4001\weeklyTextbookTopics.mbdf
2020-10-13T05:21:47.694Z - info: Website generation (lazy) started at 1:21:44 PM
2020-10-13T05:22:00.683Z - info: Building assets...
2020-10-13T05:22:11.555Z - info: Assets built
2020-10-13T05:22:11.556Z - info: Generating landing page...
2020-10-13T05:22:12.685Z - info: Landing page built, other pages will be built as you navigate to them!
2020-10-13T05:22:12.784Z - info: Website generation (lazy) complete! Total build time: 28.411s
2020-10-13T05:22:13.996Z - info: Serving "C:\repos\nus-cs2103-AY2021S1\cs2103-website\_site" at http://127.0.0.1:8080
2020-10-13T05:22:13.997Z - info: Press CTRL+C to stop ...
2020-10-13T05:22:14.076Z - info: Site data built
2020-10-13T05:22:21.189Z - info: Building C:\repos\nus-cs2103-AY2021S1\cs2103-website\schedule\week10\topics as some of its dependencies were changed since the last visit
2020-10-13T05:22:27.853Z - info: Site data built
2020-10-13T05:22:27.863Z - info: Lazy website regeneration complete! Total build time: 6.674s
2020-10-13T05:23:47.769Z - info: Building C:\repos\nus-cs2103-AY2021S1\cs2103-website\schedule\week9\index as some of its dependencies were changed since the last visit
2020-10-13T05:23:49.020Z - info: Site data built
2020-10-13T05:23:49.020Z - info: Lazy website regeneration complete! Total build time: 1.253s
2020-10-13T05:24:00.095Z - info: Building C:\repos\nus-cs2103-AY2021S1\cs2103-website\schedule\week9\topics as some of its dependencies were changed since the last visit
2020-10-13T05:24:02.485Z - info: Site data built
2020-10-13T05:24:02.487Z - info: Lazy website regeneration complete! Total build time: 2.394s
2020-10-13T05:24:05.400Z - debug:  
2020-10-13T05:25:16.153Z - info: Website generation started at 1:25:13 PM
2020-10-13T05:25:27.714Z - info: Building assets...
